[START][2025-07-22 00:14:31] LSP logging initiated
[ERROR][2025-07-22 00:14:31] ...p/_transport.lua:36	"rpc"	"nixd"	"stderr"	"I["
[ERROR][2025-07-22 00:14:31] ...p/_transport.lua:36	"rpc"	"nixd"	"stderr"	"00:14:31.056] 5288: <-- initialize(1)\n"
[ERROR][2025-07-22 00:14:31] ...p/_transport.lua:36	"rpc"	"nixd"	"stderr"	"I[00:14:31.057] 5288: --> reply:initialize(1)\n"
[ERROR][2025-07-22 00:14:31] ...p/_transport.lua:36	"rpc"	"nixd"	"stderr"	"I[00:14:31.058] 5288: --> call window/workDoneProgress/create(1)\nI[00:14:31.058] 5288: --> notify $/progress\nI[00:14:31.058] 5288: --> call attrset/evalExpr(1)\n"
[ERROR][2025-07-22 00:14:31] ...p/_transport.lua:36	"rpc"	"nixd"	"stderr"	"I[00:14:31.060] 5288: --> call window/workDoneProgress/create(2)\nI[00:14:31.060] 5288: --> notify $/progress\nI[00:14:31.060] 5288: --> call attrset/evalExpr(1)\nI[00:14:31.060] 5288: --> call workspace/configuration(3)\nI[00:14:31.061] 5288: <-- initialized\nI[00:14:31.061] 5288: <-- textDocument/didOpen\nI[00:14:31.064] 5288: --> notify textDocument/publishDiagnostics\n"
[ERROR][2025-07-22 00:14:31] ...p/_transport.lua:36	"rpc"	"nixd"	"stderr"	"I[00:14:31.065] 5288: <-- reply(1)\n"
[ERROR][2025-07-22 00:14:31] ...p/_transport.lua:36	"rpc"	"nixd"	"stderr"	"I[00:14:31.065] 5288: <-- reply(2)\nI[00:14:31.065] 5288: <-- reply(3)\nE[00:14:31.066] 5288: workspace/configuration: parse error expected object\n"
[ERROR][2025-07-22 00:14:32] ...p/_transport.lua:36	"rpc"	"nixd"	"stderr"	"I[00:14:32.907] 5288: <-- reply(1)"
[ERROR][2025-07-22 00:14:32] ...p/_transport.lua:36	"rpc"	"nixd"	"stderr"	"\nI[00:14:32.907] 5288: --> notify $/progress\n"
[ERROR][2025-07-22 00:14:33] ...p/_transport.lua:36	"rpc"	"nixd"	"stderr"	"I[00:14:33.128] 5288: <-- textDocument/didOpen\nI[00:14:33.128] 5288: --> notify textDocument/publishDiagnostics\n"
[ERROR][2025-07-22 00:14:34] ...p/_transport.lua:36	"rpc"	"nixd"	"stderr"	"I[00:14:34.998] 5288: <-- reply(1)\n"
[ERROR][2025-07-22 00:14:34] ...p/_transport.lua:36	"rpc"	"nixd"	"stderr"	"I[00:14:34.998] 5288: --> notify $/progress\n"
[START][2025-07-22 12:07:36] LSP logging initiated
[ERROR][2025-07-22 12:07:36] ...p/_transport.lua:36	"rpc"	"nixd"	"stderr"	"I["
[ERROR][2025-07-22 12:07:36] ...p/_transport.lua:36	"rpc"	"nixd"	"stderr"	"12:07:36.260] 18483: <-- initialize(1)\nI[12:07:36.260] 18483: "
[ERROR][2025-07-22 12:07:36] ...p/_transport.lua:36	"rpc"	"nixd"	"stderr"	"--> reply:initialize(1)\n"
[ERROR][2025-07-22 12:07:36] ...p/_transport.lua:36	"rpc"	"nixd"	"stderr"	"I[12:07:36.262] 18483: --> call window/workDoneProgress/create(1)\nI[12:07:36.262] 18483: --> notify $/progress\nI[12:07:36.262] 18483: --> call attrset/evalExpr(1)\n"
[ERROR][2025-07-22 12:07:36] ...p/_transport.lua:36	"rpc"	"nixd"	"stderr"	"I[12:07:36.263] 18483: --> call window/workDoneProgress/create(2)\nI[12:07:36.263] 18483: --> notify $/progress\nI[12:07:36.263] 18483: --> call attrset/evalExpr(1)\nI[12:07:36.263] 18483: --> call workspace/configuration(3)\n"
[ERROR][2025-07-22 12:07:36] ...p/_transport.lua:36	"rpc"	"nixd"	"stderr"	"I[12:07:36.265] 18483: <-- initialized\nI[12:07:36.265] 18483: <-- textDocument/didOpen\nI[12:07:36.265] 18483: --> notify textDocument/publishDiagnostics\n"
[ERROR][2025-07-22 12:07:36] ...p/_transport.lua:36	"rpc"	"nixd"	"stderr"	"I[12:07:36.268] 18483: <-- reply(1)\n"
[ERROR][2025-07-22 12:07:36] ...p/_transport.lua:36	"rpc"	"nixd"	"stderr"	"I[12:07:36.269] 18483: <-- reply(2)\nI[12:07:36.269] 18483: <-- reply(3)\nE[12:07:36.270] 18483: workspace/configuration: parse error expected object\n"
[ERROR][2025-07-22 12:07:37] ...p/_transport.lua:36	"rpc"	"nixd"	"stderr"	"I[12:07:37.137] 18483: <-- reply(1)\n"
[ERROR][2025-07-22 12:07:37] ...p/_transport.lua:36	"rpc"	"nixd"	"stderr"	"I[12:07:37.137] 18483: --> notify $/progress\n"
[ERROR][2025-07-22 12:07:38] ...p/_transport.lua:36	"rpc"	"nixd"	"stderr"	"I[12:07:38.233] 18483: <-- reply(1)\n"
[ERROR][2025-07-22 12:07:38] ...p/_transport.lua:36	"rpc"	"nixd"	"stderr"	"I[12:07:38.233] 18483: --> notify $/progress\n"
[ERROR][2025-07-22 12:07:42] ...p/_transport.lua:36	"rpc"	"nixd"	"stderr"	"I[12:07:42.441] 18483: <-- textDocument/didChange\n"
[ERROR][2025-07-22 12:07:42] ...p/_transport.lua:36	"rpc"	"nixd"	"stderr"	"I[12:07:42.442] 18483: --> notify textDocument/publishDiagnostics\n"
[ERROR][2025-07-22 12:07:42] ...p/_transport.lua:36	"rpc"	"nixd"	"stderr"	"I[12:07:42.705] 18483: <-- textDocument/didChange\nI[12:07:42.706] 18483: --> notify textDocument/publishDiagnostics\n"
[ERROR][2025-07-22 12:07:43] ...p/_transport.lua:36	"rpc"	"nixd"	"stderr"	"I[12:07:43.421] 18483: <-- textDocument/didChange\nI[12:07:43.421] 18483: --> notify textDocument/publishDiagnostics\n"
[ERROR][2025-07-22 12:07:44] ...p/_transport.lua:36	"rpc"	"nixd"	"stderr"	"I["
[ERROR][2025-07-22 12:07:44] ...p/_transport.lua:36	"rpc"	"nixd"	"stderr"	"12:07:44.867] 18483: <-- textDocument/didChange\nI[12:07:44.868] 18483: --> notify textDocument/publishDiagnostics\nI[12:07:44.870] 18483: <-- textDocument/completion(2)\n"
[ERROR][2025-07-22 12:07:44] ...p/_transport.lua:36	"rpc"	"nixd"	"stderr"	"I[12:07:44.870] 18483: --> reply:textDocument/completion(2)\n"
[ERROR][2025-07-22 12:07:45] ...p/_transport.lua:36	"rpc"	"nixd"	"stderr"	"I[12:07:45.017] 18483: <-- textDocument/didChange"
[ERROR][2025-07-22 12:07:45] ...p/_transport.lua:36	"rpc"	"nixd"	"stderr"	"\n"
[ERROR][2025-07-22 12:07:45] ...p/_transport.lua:36	"rpc"	"nixd"	"stderr"	"I[12:07:45.018] 18483: --> notify textDocument/publishDiagnostics"
[ERROR][2025-07-22 12:07:45] ...p/_transport.lua:36	"rpc"	"nixd"	"stderr"	"\n"
[ERROR][2025-07-22 12:07:45] ...p/_transport.lua:36	"rpc"	"nixd"	"stderr"	"I[12:07:45.167] 18483: <-- textDocument/didChange"
[ERROR][2025-07-22 12:07:45] ...p/_transport.lua:36	"rpc"	"nixd"	"stderr"	"\n"
[ERROR][2025-07-22 12:07:45] ...p/_transport.lua:36	"rpc"	"nixd"	"stderr"	"I[12:07:45.168] 18483: --> notify "
[ERROR][2025-07-22 12:07:45] ...p/_transport.lua:36	"rpc"	"nixd"	"stderr"	"textDocument/publishDiagnostics\n"
[ERROR][2025-07-22 12:07:45] ...p/_transport.lua:36	"rpc"	"nixd"	"stderr"	"I[12:07:45.317] 18483: "
[ERROR][2025-07-22 12:07:45] ...p/_transport.lua:36	"rpc"	"nixd"	"stderr"	"<-- textDocument/didChange\n"
[ERROR][2025-07-22 12:07:45] ...p/_transport.lua:36	"rpc"	"nixd"	"stderr"	"I[12:07:45.318] 18483: --> notify textDocument/publishDiagnostics\n"
[ERROR][2025-07-22 12:07:45] ...p/_transport.lua:36	"rpc"	"nixd"	"stderr"	"I[12:07:45.493] 18483: <-- textDocument/didChange\nI[12:07:45.493] 18483: --> notify textDocument/publishDiagnostics\n"
[ERROR][2025-07-22 12:07:45] ...p/_transport.lua:36	"rpc"	"nixd"	"stderr"	"I[12:07:45.660] 18483: <-- textDocument/didChange\nI[12:07:45.660] 18483: --> notify textDocument/publishDiagnostics\n"
[ERROR][2025-07-22 12:07:45] ...p/_transport.lua:36	"rpc"	"nixd"	"stderr"	"I[12:07:45.809] 18483: <-- textDocument/didChange\n"
[ERROR][2025-07-22 12:07:45] ...p/_transport.lua:36	"rpc"	"nixd"	"stderr"	"I[12:07:45.809] 18483: --> notify textDocument/publishDiagnostics\n"
[ERROR][2025-07-22 12:07:45] ...p/_transport.lua:36	"rpc"	"nixd"	"stderr"	"I[12:07:45.958] 18483: <-- textDocument/didChange\n"
[ERROR][2025-07-22 12:07:45] ...p/_transport.lua:36	"rpc"	"nixd"	"stderr"	"I[12:07:45.959] 18483: --> notify textDocument/publishDiagnostics\n"
[ERROR][2025-07-22 12:07:46] ...p/_transport.lua:36	"rpc"	"nixd"	"stderr"	"I[12:07:46.458] 18483: <-- textDocument/didChange\n"
[ERROR][2025-07-22 12:07:46] ...p/_transport.lua:36	"rpc"	"nixd"	"stderr"	"I[12:07:46.458] 18483: --> notify textDocument/publishDiagnostics\nI[12:07:46.460] 18483: <-- textDocument/completion(3)\n"
[ERROR][2025-07-22 12:07:46] ...p/_transport.lua:36	"rpc"	"nixd"	"stderr"	"I[12:07:46.461] 18483: --> reply:textDocument/completion(3)\n"
[ERROR][2025-07-22 12:07:46] ...p/_transport.lua:36	"rpc"	"nixd"	"stderr"	"I[12:07:46.607] 18483: <-- textDocument/didChange\n"
[ERROR][2025-07-22 12:07:46] ...p/_transport.lua:36	"rpc"	"nixd"	"stderr"	"I[12:07:46.608] 18483: --> notify textDocument/publishDiagnostics\n"
[ERROR][2025-07-22 12:07:46] ...p/_transport.lua:36	"rpc"	"nixd"	"stderr"	"I[12:07:46.758] 18483: <-- textDocument/didChange\n"
[ERROR][2025-07-22 12:07:46] ...p/_transport.lua:36	"rpc"	"nixd"	"stderr"	"I[12:07:46.759] 18483: --> notify textDocument/publishDiagnostics\n"
[ERROR][2025-07-22 12:07:46] ...p/_transport.lua:36	"rpc"	"nixd"	"stderr"	"I[12:07:46.909] 18483: <-- textDocument/didChange\n"
[ERROR][2025-07-22 12:07:46] ...p/_transport.lua:36	"rpc"	"nixd"	"stderr"	"I[12:07:46.909] 18483: --> notify textDocument/publishDiagnostics\n"
[ERROR][2025-07-22 12:07:47] ...p/_transport.lua:36	"rpc"	"nixd"	"stderr"	"I[12:07:47.058] 18483: <-- textDocument/didChange\n"
[ERROR][2025-07-22 12:07:47] ...p/_transport.lua:36	"rpc"	"nixd"	"stderr"	"I[12:07:47.059] 18483: --> notify "
[ERROR][2025-07-22 12:07:47] ...p/_transport.lua:36	"rpc"	"nixd"	"stderr"	"textDocument/publishDiagnostics\n"
[ERROR][2025-07-22 12:07:47] ...p/_transport.lua:36	"rpc"	"nixd"	"stderr"	"I[12:07:47.281] 18483: <-- textDocument/didChange\nI[12:07:47.282] 18483: --> notify textDocument/publishDiagnostics\nI[12:07:47.283] 18483: <-- textDocument/completion(4)\n"
[ERROR][2025-07-22 12:07:47] ...p/_transport.lua:36	"rpc"	"nixd"	"stderr"	"I[12:07:47.283] 18483: --> call attrset/attrpathComplete(2)\n"
[ERROR][2025-07-22 12:07:47] ...p/_transport.lua:36	"rpc"	"nixd"	"stderr"	"I[12:07:47.310] 18483: <-- reply(2"
[ERROR][2025-07-22 12:07:47] ...p/_transport.lua:36	"rpc"	"nixd"	"stderr"	")\n"
[ERROR][2025-07-22 12:07:47] ...p/_transport.lua:36	"rpc"	"nixd"	"stderr"	"I[12:07:47.311] 18483: --> reply:textDocument/completion(4)\n"
[ERROR][2025-07-22 12:07:47] ...p/_transport.lua:36	"rpc"	"nixd"	"stderr"	"I[12:07:47.370] 18483: <-- textDocument/didChange\n"
[ERROR][2025-07-22 12:07:47] ...p/_transport.lua:36	"rpc"	"nixd"	"stderr"	"I[12:07:47.371] 18483: --> notify textDocument/publishDiagnostics\nI[12:07:47.371] 18483: <-- textDocument/completion(5)\nI[12:07:47.371] 18483: --> call attrset/attrpathComplete(3)\n"
[ERROR][2025-07-22 12:07:47] ...p/_transport.lua:36	"rpc"	"nixd"	"stderr"	"I[12:07:47.381] 18483: <-- reply(3)\nI[12:07:47.382] 18483: --> reply:textDocument/completion(5)\n"
[ERROR][2025-07-22 12:07:47] ...p/_transport.lua:36	"rpc"	"nixd"	"stderr"	"I[12:07:47.623] 18483: <-- textDocument/didChange\nI[12:07:47.624] 18483: --> notify textDocument/publishDiagnostics\nI[12:07:47.626] 18483: <-- textDocument/completion("
[ERROR][2025-07-22 12:07:47] ...p/_transport.lua:36	"rpc"	"nixd"	"stderr"	"6)\nI[12:07:47.626] 18483: --> call attrset/attrpathComplete(4)\n"
[ERROR][2025-07-22 12:07:47] ...p/_transport.lua:36	"rpc"	"nixd"	"stderr"	"I[12:07:47.654] 18483: <-- reply(4)\n"
[ERROR][2025-07-22 12:07:47] ...p/_transport.lua:36	"rpc"	"nixd"	"stderr"	"I[12:07:47.655] 18483: --> reply:textDocument/completion(6)\n"
[ERROR][2025-07-22 12:07:47] ...p/_transport.lua:36	"rpc"	"nixd"	"stderr"	"I[12:07:47.797] 18483: <-- textDocument/didChange\n"
[ERROR][2025-07-22 12:07:47] ...p/_transport.lua:36	"rpc"	"nixd"	"stderr"	"I[12:07:47.797] 18483: --> notify textDocument/publishDiagnostics\n"
[ERROR][2025-07-22 12:07:48] ...p/_transport.lua:36	"rpc"	"nixd"	"stderr"	"I[12:07:48.550] 18483: <-- textDocument/didChange\n"
[ERROR][2025-07-22 12:07:48] ...p/_transport.lua:36	"rpc"	"nixd"	"stderr"	"I[12:07:48.550] 18483: --> notify textDocument/publishDiagnostics\n"
[ERROR][2025-07-22 12:07:49] ...p/_transport.lua:36	"rpc"	"nixd"	"stderr"	"I["
[ERROR][2025-07-22 12:07:49] ...p/_transport.lua:36	"rpc"	"nixd"	"stderr"	"12:07:49.395] 18483: <-- completionItem/resolve(7)\n"
[ERROR][2025-07-22 12:07:49] ...p/_transport.lua:36	"rpc"	"nixd"	"stderr"	"I[12:07:49.396] "
[ERROR][2025-07-22 12:07:49] ...p/_transport.lua:36	"rpc"	"nixd"	"stderr"	"18483: --> call attrset/attrpathInfo(5)\n"
[ERROR][2025-07-22 12:07:49] ...p/_transport.lua:36	"rpc"	"nixd"	"stderr"	"I[12:07:49.408] 18483: <-- reply(5)\n"
[ERROR][2025-07-22 12:07:49] ...p/_transport.lua:36	"rpc"	"nixd"	"stderr"	"I["
[ERROR][2025-07-22 12:07:49] ...p/_transport.lua:36	"rpc"	"nixd"	"stderr"	"12:07:49.408] 18483: --> reply:completionItem/resolve(7)\n"
[ERROR][2025-07-22 12:07:49] ...p/_transport.lua:36	"rpc"	"nixd"	"stderr"	"I[12:07:49.410] 18483: <-- textDocument/didChange\nI[12:07:49.410] 18483: --> notify textDocument/publishDiagnostics\n"
[ERROR][2025-07-22 12:07:49] ...p/_transport.lua:36	"rpc"	"nixd"	"stderr"	"I[12:07:49.561] 18483: <-- textDocument/didChange\n"
[ERROR][2025-07-22 12:07:49] ...p/_transport.lua:36	"rpc"	"nixd"	"stderr"	"I[12:07:49.562] 18483: --> notify textDocument/publishDiagnostics\n"
[ERROR][2025-07-22 12:08:01] ...p/_transport.lua:36	"rpc"	"nixd"	"stderr"	"I[12:08:01.565] 18483: <-- textDocument/didOpen\nI[12:08:01.566] 18483: --> notify textDocument/publishDiagnostics\n"
[ERROR][2025-07-22 12:08:04] ...p/_transport.lua:36	"rpc"	"nixd"	"stderr"	"I[12:08:04.694] 18483: <-- textDocument/didOpen\nI[12:08:04.695] 18483: --> notify textDocument/publishDiagnostics\n"
[ERROR][2025-07-22 12:08:08] ...p/_transport.lua:36	"rpc"	"nixd"	"stderr"	"I[12:08:08.077] 18483: <-- textDocument/didChange\n"
[ERROR][2025-07-22 12:08:08] ...p/_transport.lua:36	"rpc"	"nixd"	"stderr"	"I[12:08:08.078] 18483: --> notify textDocument/publishDiagnostics\n"
[ERROR][2025-07-22 12:08:10] ...p/_transport.lua:36	"rpc"	"nixd"	"stderr"	"I[12:08:10.686] 18483: <-- textDocument/didChange\nI[12:08:10.687] 18483: --> notify textDocument/publishDiagnostics\n"
[ERROR][2025-07-22 12:08:12] ...p/_transport.lua:36	"rpc"	"nixd"	"stderr"	"I[12:08:12.940] 18483: <-- textDocument/didOpen\nI[12:08:12.940] 18483: --> notify textDocument/publishDiagnostics\n"
[ERROR][2025-07-22 12:08:18] ...p/_transport.lua:36	"rpc"	"nixd"	"stderr"	"I[12:08:18.787] 18483: <-- textDocument/definition(8)\n"
[ERROR][2025-07-22 12:08:18] ...p/_transport.lua:36	"rpc"	"nixd"	"stderr"	"I["
[ERROR][2025-07-22 12:08:18] ...p/_transport.lua:36	"rpc"	"nixd"	"stderr"	"12:08:18.788] 18483: --> reply:textDocument/definition(8) unknown node type for definition, error: 3\n"
[ERROR][2025-07-22 12:08:19] ...p/_transport.lua:36	"rpc"	"nixd"	"stderr"	"I[12:08:19.915] 18483: <-- textDocument/didChange\nI[12:08:19.916] 18483: --> notify textDocument/publishDiagnostics\n"
[ERROR][2025-07-22 12:08:30] ...p/_transport.lua:36	"rpc"	"nixd"	"stderr"	"I[12:08:30.692] 18483: <-- textDocument/didSave\nI[12:08:30.692] 18483: unhandled notification textDocument/didSave\n"
[ERROR][2025-07-22 12:08:30] ...p/_transport.lua:36	"rpc"	"nixd"	"stderr"	"I[12:08:30.702] 18483: <-- textDocument/didSave\nI[12:08:30.702] 18483: unhandled notification textDocument/didSave\n"
[ERROR][2025-07-22 12:09:26] ...p/_transport.lua:36	"rpc"	"nixd"	"stderr"	"I[12:09:26.092] 18483: <-- textDocument/didChange\n"
[ERROR][2025-07-22 12:09:26] ...p/_transport.lua:36	"rpc"	"nixd"	"stderr"	"I[12:09:26.093] 18483: --> notify textDocument/publishDiagnostics\n"
[ERROR][2025-07-22 12:09:26] ...p/_transport.lua:36	"rpc"	"nixd"	"stderr"	"I[12:09:26.326] 18483: <-- textDocument/didChange\nI[12:09:26.326] 18483: --> notify textDocument/publishDiagnostics\n"
[ERROR][2025-07-22 12:09:26] ...p/_transport.lua:36	"rpc"	"nixd"	"stderr"	"I[12:09:26.857] 18483: <-- textDocument/didChange\nI[12:09:26.858] 18483: --> notify textDocument/publishDiagnostics\n"
[ERROR][2025-07-22 12:09:29] ...p/_transport.lua:36	"rpc"	"nixd"	"stderr"	"I["
[ERROR][2025-07-22 12:09:29] ...p/_transport.lua:36	"rpc"	"nixd"	"stderr"	"12:09:29.834] 18483: <-- textDocument/didSave\nI[12:09:29.834] 18483: unhandled notification textDocument/didSave\n"
[START][2025-07-22 12:13:38] LSP logging initiated
[ERROR][2025-07-22 12:13:38] ...p/_transport.lua:36	"rpc"	"nixd"	"stderr"	"I["
[ERROR][2025-07-22 12:13:38] ...p/_transport.lua:36	"rpc"	"nixd"	"stderr"	"12:13:38.878] 23238: <-- initialize(1)\n"
[ERROR][2025-07-22 12:13:38] ...p/_transport.lua:36	"rpc"	"nixd"	"stderr"	"I[12:13:38.879] 23238: --> reply:initialize(1)\n"
[ERROR][2025-07-22 12:13:38] ...p/_transport.lua:36	"rpc"	"nixd"	"stderr"	"I[12:13:38.880] 23238: --> call window/workDoneProgress/create(1)\nI[12:13:38.880] 23238: --> notify $/progress\nI[12:13:38.880] 23238: --> call attrset/evalExpr(1)\n"
[ERROR][2025-07-22 12:13:38] ...p/_transport.lua:36	"rpc"	"nixd"	"stderr"	"I"
[ERROR][2025-07-22 12:13:38] ...p/_transport.lua:36	"rpc"	"nixd"	"stderr"	"[12:13:38.882] 23238: --> call window/workDoneProgress/create(2)\nI[12:13:38.882] 23238: --> notify $/progress\nI[12:13:38.882] 23238: --> call attrset/evalExpr(1)\nI[12:13:38.882] 23238: --> call workspace/configuration(3)\n"
[ERROR][2025-07-22 12:13:38] ...p/_transport.lua:36	"rpc"	"nixd"	"stderr"	"I"
[ERROR][2025-07-22 12:13:38] ...p/_transport.lua:36	"rpc"	"nixd"	"stderr"	"[12:13:38.883] 23238: <-- initialized\nI[12:13:38.884] 23238: <-- textDocument/didOpen\nI[12:13:38.884] 23238: --> notify textDocument/publishDiagnostics\nI[12:13:38.884] 23238: <-- reply(1)\nI[12:13:38.884] 23238: <-- reply(2)\nI[12:13:38.884] 23238: <-- reply(3)\n"
[ERROR][2025-07-22 12:13:38] ...p/_transport.lua:36	"rpc"	"nixd"	"stderr"	"E[12:13:38.885] 23238: workspace/configuration: parse error expected object\n"
[ERROR][2025-07-22 12:13:39] ...p/_transport.lua:36	"rpc"	"nixd"	"stderr"	"I[12:13:39.781] 23238: <-- reply(1)\nI[12:13:39.781] 23238: --> notify $/progress\n"
[ERROR][2025-07-22 12:13:40] ...p/_transport.lua:36	"rpc"	"nixd"	"stderr"	"I[12:13:40.847] 23238: <-- reply(1)"
[ERROR][2025-07-22 12:13:40] ...p/_transport.lua:36	"rpc"	"nixd"	"stderr"	"\nI[12:13:40.847] 23238: --> notify $/progress\n"
[ERROR][2025-07-22 12:13:41] ...p/_transport.lua:36	"rpc"	"nixd"	"stderr"	"I[12:13:41.330] 23238: <-- textDocument/didChange\n"
[ERROR][2025-07-22 12:13:41] ...p/_transport.lua:36	"rpc"	"nixd"	"stderr"	"I[12:13:41.330] 23238: --> notify textDocument/publishDiagnostics"
[ERROR][2025-07-22 12:13:41] ...p/_transport.lua:36	"rpc"	"nixd"	"stderr"	"\n"
[ERROR][2025-07-22 12:13:41] ...p/_transport.lua:36	"rpc"	"nixd"	"stderr"	"I"
[ERROR][2025-07-22 12:13:41] ...p/_transport.lua:36	"rpc"	"nixd"	"stderr"	"["
[ERROR][2025-07-22 12:13:41] ...p/_transport.lua:36	"rpc"	"nixd"	"stderr"	"12:13:41.478] 23238: <-- textDocument/didChange\nI[12:13:41.478] 23238: --> notify textDocument/publishDiagnostics\n"
[ERROR][2025-07-22 12:13:42] ...p/_transport.lua:36	"rpc"	"nixd"	"stderr"	"I[12:13:42.398] 23238: <-- textDocument/didChange\nI[12:13:42.398] 23238: --> notify textDocument/publishDiagnostics\n"
[ERROR][2025-07-22 12:13:52] ...p/_transport.lua:36	"rpc"	"nixd"	"stderr"	"I[12:13:52.582] 23238: <-- textDocument/didChange\nI[12:13:52.583] 23238: --> notify textDocument/publishDiagnostics\n"
[ERROR][2025-07-22 12:14:03] ...p/_transport.lua:36	"rpc"	"nixd"	"stderr"	"I[12:14:03.759] 23238: <-- textDocument/didOpen\nI[12:14:03.759] 23238: --> notify textDocument/publishDiagnostics\n"
[ERROR][2025-07-22 12:14:35] ...p/_transport.lua:36	"rpc"	"nixd"	"stderr"	"I[12:14:35.260] 23238: <-- "
[ERROR][2025-07-22 12:14:35] ...p/_transport.lua:36	"rpc"	"nixd"	"stderr"	"textDocument/didChange\n"
[ERROR][2025-07-22 12:14:35] ...p/_transport.lua:36	"rpc"	"nixd"	"stderr"	"I[12:14:35.261] 23238: --> notify textDocument/publishDiagnostics\n"
[ERROR][2025-07-22 12:14:36] ...p/_transport.lua:36	"rpc"	"nixd"	"stderr"	"I[12:14:36.507] 23238: <-- textDocument/didChange\n"
[ERROR][2025-07-22 12:14:36] ...p/_transport.lua:36	"rpc"	"nixd"	"stderr"	"I[12:14:36.508] 23238: --> notify textDocument/publishDiagnostics\nI[12:14:36.511] 23238: <-- textDocument/completion(2)\n"
[ERROR][2025-07-22 12:14:36] ...p/_transport.lua:36	"rpc"	"nixd"	"stderr"	"I[12:14:36.512] 23238: --> call attrset/optionComplete(2)\n"
[ERROR][2025-07-22 12:14:36] ...p/_transport.lua:36	"rpc"	"nixd"	"stderr"	"I[12:14:36.521] "
[ERROR][2025-07-22 12:14:36] ...p/_transport.lua:36	"rpc"	"nixd"	"stderr"	"23238: <-- reply(2)\nI["
[ERROR][2025-07-22 12:14:36] ...p/_transport.lua:36	"rpc"	"nixd"	"stderr"	"12:14:36.522] 23238: --> reply:textDocument/completion(2)\n"
[ERROR][2025-07-22 12:14:36] ...p/_transport.lua:36	"rpc"	"nixd"	"stderr"	"I[12:14:36.781] 23238: <-- textDocument/didChange\n"
[ERROR][2025-07-22 12:14:36] ...p/_transport.lua:36	"rpc"	"nixd"	"stderr"	"I[12:14:36.782] 23238: --> notify textDocument/publishDiagnostics\n"
[ERROR][2025-07-22 12:14:37] ...p/_transport.lua:36	"rpc"	"nixd"	"stderr"	"I[12:14:37.561] 23238: <-- textDocument/didChange\n"
[ERROR][2025-07-22 12:14:37] ...p/_transport.lua:36	"rpc"	"nixd"	"stderr"	"I[12:14:37.562] 23238: --> notify textDocument/publishDiagnostics\n"
[ERROR][2025-07-22 12:14:37] ...p/_transport.lua:36	"rpc"	"nixd"	"stderr"	"I[12:14:37.826] 23238: <-- textDocument/didChange\n"
[ERROR][2025-07-22 12:14:37] ...p/_transport.lua:36	"rpc"	"nixd"	"stderr"	"I[12:14:37.827] 23238: --> notify textDocument/publishDiagnostics\nI[12:14:37.830] 23238: <-- textDocument/completion(3)\n"
[ERROR][2025-07-22 12:14:37] ...p/_transport.lua:36	"rpc"	"nixd"	"stderr"	"I[12:14:37.830] 23238: --> call attrset/optionComplete(3)\n"
[ERROR][2025-07-22 12:14:37] ...p/_transport.lua:36	"rpc"	"nixd"	"stderr"	"I[12:14:37.837] 23238: <-- reply(3"
[ERROR][2025-07-22 12:14:37] ...p/_transport.lua:36	"rpc"	"nixd"	"stderr"	")\n"
[ERROR][2025-07-22 12:14:37] ...p/_transport.lua:36	"rpc"	"nixd"	"stderr"	"I[12:14:37.838] 23238: --> reply:textDocument/completion(3)\n"
[ERROR][2025-07-22 12:14:38] ...p/_transport.lua:36	"rpc"	"nixd"	"stderr"	"I[12:14:38.490] 23238: <-- textDocument/didChange\n"
[ERROR][2025-07-22 12:14:38] ...p/_transport.lua:36	"rpc"	"nixd"	"stderr"	"I[12:14:38.491] 23238: --> notify textDocument/publishDiagnostics\n"
[ERROR][2025-07-22 12:14:38] ...p/_transport.lua:36	"rpc"	"nixd"	"stderr"	"I[12:14:38.696] 23238: <-- textDocument/didChange\n"
[ERROR][2025-07-22 12:14:38] ...p/_transport.lua:36	"rpc"	"nixd"	"stderr"	"I[12:14:38.696] 23238: --> notify textDocument/publishDiagnostics\n"
[ERROR][2025-07-22 12:14:39] ...p/_transport.lua:36	"rpc"	"nixd"	"stderr"	"I[12:14:39.157] 23238: <-- textDocument/didChange\n"
[ERROR][2025-07-22 12:14:39] ...p/_transport.lua:36	"rpc"	"nixd"	"stderr"	"I[12:14:39.157] 23238: --> notify textDocument/publishDiagnostics\n"
[ERROR][2025-07-22 12:14:39] ...p/_transport.lua:36	"rpc"	"nixd"	"stderr"	"I[12:14:39.325] 23238: <-- textDocument/didChange\n"
[ERROR][2025-07-22 12:14:39] ...p/_transport.lua:36	"rpc"	"nixd"	"stderr"	"I[12:14:39.325] 23238: --> notify textDocument/publishDiagnostics\n"
[ERROR][2025-07-22 12:14:39] ...p/_transport.lua:36	"rpc"	"nixd"	"stderr"	"I[12:14:39.474] 23238: <-- textDocument/didChange\n"
[ERROR][2025-07-22 12:14:39] ...p/_transport.lua:36	"rpc"	"nixd"	"stderr"	"I[12:14:39.475] 23238: --> notify textDocument/publishDiagnostics\n"
[ERROR][2025-07-22 12:14:39] ...p/_transport.lua:36	"rpc"	"nixd"	"stderr"	"I[12:14:39.671] 23238: <-- textDocument/didChange\n"
[ERROR][2025-07-22 12:14:39] ...p/_transport.lua:36	"rpc"	"nixd"	"stderr"	"I[12:14:39.671] 23238: --> notify textDocument/publishDiagnostics\n"
[ERROR][2025-07-22 12:14:40] ...p/_transport.lua:36	"rpc"	"nixd"	"stderr"	"I[12:14:40.287] 23238: <-- textDocument/didChange\n"
[ERROR][2025-07-22 12:14:40] ...p/_transport.lua:36	"rpc"	"nixd"	"stderr"	"I[12:14:40.288] 23238: --> notify textDocument/publishDiagnostics\n"
[ERROR][2025-07-22 12:14:40] ...p/_transport.lua:36	"rpc"	"nixd"	"stderr"	"I[12:14:40.850] 23238: <-- completionItem/resolve(4)\n"
[ERROR][2025-07-22 12:14:40] ...p/_transport.lua:36	"rpc"	"nixd"	"stderr"	"I[12:14:40.850] 23238: --> reply:completionItem/resolve(4)\n"
[ERROR][2025-07-22 12:14:40] ...p/_transport.lua:36	"rpc"	"nixd"	"stderr"	"I[12:14:40.859] 23238: <-- textDocument/didChange\nI[12:14:40.860] 23238: --> notify textDocument/publishDiagnostics\n"
[ERROR][2025-07-22 12:14:40] ...p/_transport.lua:36	"rpc"	"nixd"	"stderr"	"I[12:14:40.989] 23238: "
[ERROR][2025-07-22 12:14:40] ...p/_transport.lua:36	"rpc"	"nixd"	"stderr"	"<-- textDocument/didChange\nI[12:14:40.990] 23238: --> notify textDocument/publishDiagnostics\n"
[ERROR][2025-07-22 12:14:42] ...p/_transport.lua:36	"rpc"	"nixd"	"stderr"	"I[12:14:42.127] 23238: <-- textDocument/didChange\nI[12:14:42.128] 23238: --> notify textDocument/publishDiagnostics\n"
[ERROR][2025-07-22 12:14:42] ...p/_transport.lua:36	"rpc"	"nixd"	"stderr"	"I[12:14:42.276] 23238: <-- textDocument/didChange\n"
[ERROR][2025-07-22 12:14:42] ...p/_transport.lua:36	"rpc"	"nixd"	"stderr"	"I[12:14:42.277] 23238: --> notify textDocument/publishDiagnostics\n"
[ERROR][2025-07-22 12:14:43] ...p/_transport.lua:36	"rpc"	"nixd"	"stderr"	"I[12:14:43.687] 23238: <-- textDocument/didChange\n"
[ERROR][2025-07-22 12:14:43] ...p/_transport.lua:36	"rpc"	"nixd"	"stderr"	"I[12:14:43.688] 23238: --> notify textDocument/publishDiagnostics\nI[12:14:43.690] 23238: <-- textDocument/completion(5)\n"
[ERROR][2025-07-22 12:14:43] ...p/_transport.lua:36	"rpc"	"nixd"	"stderr"	"I[12:14:43.691] 23238: completion/var: skipped, reason: not an idiom\nI[12:14:43.691] 23238: --> reply:textDocument/completion(5)\n"
[ERROR][2025-07-22 12:14:44] ...p/_transport.lua:36	"rpc"	"nixd"	"stderr"	"I[12:14:44.690] 23238: <-- textDocument/didChange\n"
[ERROR][2025-07-22 12:14:44] ...p/_transport.lua:36	"rpc"	"nixd"	"stderr"	"I[12:14:44.691] 23238: --> notify textDocument/publishDiagnostics\n"
[ERROR][2025-07-22 12:14:45] ...p/_transport.lua:36	"rpc"	"nixd"	"stderr"	"I[12:14:45.478] 23238: <-- textDocument/didChange\n"
[ERROR][2025-07-22 12:14:45] ...p/_transport.lua:36	"rpc"	"nixd"	"stderr"	"I[12:14:45.479] 23238: --> notify textDocument/publishDiagnostics\n"
[ERROR][2025-07-22 12:14:46] ...p/_transport.lua:36	"rpc"	"nixd"	"stderr"	"I[12:14:46.612] 23238: <-- textDocument/didChange\nI[12:14:46.612] 23238: --> notify textDocument/publishDiagnostics\n"
[ERROR][2025-07-22 12:14:47] ...p/_transport.lua:36	"rpc"	"nixd"	"stderr"	"I[12:14:47.045] 23238: <-- textDocument/didChange\nI[12:14:47.046] 23238: --> notify textDocument/publishDiagnostics\nI[12:14:47.049] 23238: <-- textDocument/completion(6)\n"
[ERROR][2025-07-22 12:14:47] ...p/_transport.lua:36	"rpc"	"nixd"	"stderr"	"I[12:14:47.049] 23238: --> call attrset/optionComplete(4)\n"
[ERROR][2025-07-22 12:14:47] ...p/_transport.lua:36	"rpc"	"nixd"	"stderr"	"I[12:14:47.055] 23238: <-- reply(4)\n"
[ERROR][2025-07-22 12:14:47] ...p/_transport.lua:36	"rpc"	"nixd"	"stderr"	"I[12:14:47.056] 23238: --> reply:textDocument/completion(6)\n"
[ERROR][2025-07-22 12:14:47] ...p/_transport.lua:36	"rpc"	"nixd"	"stderr"	"I[12:14:47.717] 23238: <-- textDocument/didChange\n"
[ERROR][2025-07-22 12:14:47] ...p/_transport.lua:36	"rpc"	"nixd"	"stderr"	"I[12:14:47.718] 23238: --> notify textDocument/publishDiagnostics\n"
[ERROR][2025-07-22 12:14:47] ...p/_transport.lua:36	"rpc"	"nixd"	"stderr"	"I[12:14:47.869] 23238: <-- textDocument/didChange\nI[12:14:47.870] 23238: --> notify textDocument/publishDiagnostics\n"
[ERROR][2025-07-22 12:14:47] ...p/_transport.lua:36	"rpc"	"nixd"	"stderr"	"I[12:14:47.872] 23238: <-- textDocument/completion(7)\n"
[ERROR][2025-07-22 12:14:47] ...p/_transport.lua:36	"rpc"	"nixd"	"stderr"	"I[12:14:47.872] 23238: --> call attrset/optionComplete(5)\n"
[ERROR][2025-07-22 12:14:47] ...p/_transport.lua:36	"rpc"	"nixd"	"stderr"	"I[12:14:47.875] 23238: "
[ERROR][2025-07-22 12:14:47] ...p/_transport.lua:36	"rpc"	"nixd"	"stderr"	"<-- reply(5)\n"
[ERROR][2025-07-22 12:14:47] ...p/_transport.lua:36	"rpc"	"nixd"	"stderr"	"I[12:14:47.875] 23238: --> reply:textDocument/completion"
[ERROR][2025-07-22 12:14:47] ...p/_transport.lua:36	"rpc"	"nixd"	"stderr"	"(7)\n"
[ERROR][2025-07-22 12:14:48] ...p/_transport.lua:36	"rpc"	"nixd"	"stderr"	"I[12:14:48.019] 23238: <-- textDocument/didChange\n"
[ERROR][2025-07-22 12:14:48] ...p/_transport.lua:36	"rpc"	"nixd"	"stderr"	"I[12:14:48.019] 23238: --> notify textDocument/publishDiagnostics\n"
[ERROR][2025-07-22 12:14:48] ...p/_transport.lua:36	"rpc"	"nixd"	"stderr"	"I[12:14:48.355] 23238: <-- textDocument/didChange\n"
[ERROR][2025-07-22 12:14:48] ...p/_transport.lua:36	"rpc"	"nixd"	"stderr"	"I[12:14:48.356] 23238: --> notify textDocument/publishDiagnostics\n"
[ERROR][2025-07-22 12:14:48] ...p/_transport.lua:36	"rpc"	"nixd"	"stderr"	"I[12:14:48.804] 23238: <-- textDocument/didChange\n"
[ERROR][2025-07-22 12:14:48] ...p/_transport.lua:36	"rpc"	"nixd"	"stderr"	"I[12:14:48.805] 23238: --> notify textDocument/publishDiagnostics\nI[12:14:48.807] 23238: <-- textDocument/completion(8)\nI[12:14:48.808] "
[ERROR][2025-07-22 12:14:48] ...p/_transport.lua:36	"rpc"	"nixd"	"stderr"	"23238: --> call attrset/optionComplete(6)\n"
[ERROR][2025-07-22 12:14:48] ...p/_transport.lua:36	"rpc"	"nixd"	"stderr"	"I[12:14:48.810] 23238: <-- reply(6)\n"
[ERROR][2025-07-22 12:14:48] ...p/_transport.lua:36	"rpc"	"nixd"	"stderr"	"I[12:14:48.811] 23238: --> reply:textDocument/completion(8"
[ERROR][2025-07-22 12:14:48] ...p/_transport.lua:36	"rpc"	"nixd"	"stderr"	")\n"
[ERROR][2025-07-22 12:14:49] ...p/_transport.lua:36	"rpc"	"nixd"	"stderr"	"I[12:14:49.106] 23238: <-- textDocument/didChange\n"
[ERROR][2025-07-22 12:14:49] ...p/_transport.lua:36	"rpc"	"nixd"	"stderr"	"I[12:14:49.106] 23238: --> notify textDocument/publishDiagnostics\n"
[ERROR][2025-07-22 12:14:49] ...p/_transport.lua:36	"rpc"	"nixd"	"stderr"	"I[12:14:49.366] 23238: <-- textDocument/didChange\n"
[ERROR][2025-07-22 12:14:49] ...p/_transport.lua:36	"rpc"	"nixd"	"stderr"	"I[12:14:49.366] 23238: --> notify textDocument/publishDiagnostics\n"
[ERROR][2025-07-22 12:14:49] ...p/_transport.lua:36	"rpc"	"nixd"	"stderr"	"I[12:14:49.766] 23238: <-- textDocument/didChange\n"
[ERROR][2025-07-22 12:14:49] ...p/_transport.lua:36	"rpc"	"nixd"	"stderr"	"I[12:14:49.766] 23238: --> notify textDocument/publishDiagnostics\n"
[ERROR][2025-07-22 12:14:49] ...p/_transport.lua:36	"rpc"	"nixd"	"stderr"	"I[12:14:49.916] 23238: <-- textDocument/didChange\n"
[ERROR][2025-07-22 12:14:49] ...p/_transport.lua:36	"rpc"	"nixd"	"stderr"	"I[12:14:49.917] 23238: --> notify textDocument/publishDiagnostics\n"
[ERROR][2025-07-22 12:14:51] ...p/_transport.lua:36	"rpc"	"nixd"	"stderr"	"I[12:14:51.504] 23238: <-- textDocument/didChange\n"
[ERROR][2025-07-22 12:14:51] ...p/_transport.lua:36	"rpc"	"nixd"	"stderr"	"I[12:14:51.504] 23238: --> notify textDocument/publishDiagnostics\n"
[ERROR][2025-07-22 12:14:51] ...p/_transport.lua:36	"rpc"	"nixd"	"stderr"	"I[12:14:51.993] 23238: <-- textDocument/didChange\n"
[ERROR][2025-07-22 12:14:51] ...p/_transport.lua:36	"rpc"	"nixd"	"stderr"	"I[12:14:51.994] 23238: --> notify textDocument/publishDiagnostics\n"
[ERROR][2025-07-22 12:14:52] ...p/_transport.lua:36	"rpc"	"nixd"	"stderr"	"I[12:14:52.388] 23238: <-- textDocument/didChange\n"
[ERROR][2025-07-22 12:14:52] ...p/_transport.lua:36	"rpc"	"nixd"	"stderr"	"I[12:14:52.388] 23238: --> notify textDocument/publishDiagnostics\n"
[ERROR][2025-07-22 12:14:54] ...p/_transport.lua:36	"rpc"	"nixd"	"stderr"	"I[12:14:54.188] 23238: <-- textDocument/didSave\nI[12:14:54.189] 23238: unhandled notification textDocument/didSave\n"
[ERROR][2025-07-22 12:14:54] ...p/_transport.lua:36	"rpc"	"nixd"	"stderr"	"I[12:14:54.199] 23238: <-- textDocument/didSave\nI[12:14:54.199] 23238: unhandled notification textDocument/didSave\n"
[ERROR][2025-07-22 12:14:57] ...p/_transport.lua:36	"rpc"	"nixd"	"stderr"	"I[12:14:57.927] 23238: <-- textDocument/didOpen\nI[12:14:57.927] 23238: --> notify textDocument/publishDiagnostics\n"
[ERROR][2025-07-22 12:15:00] ...p/_transport.lua:36	"rpc"	"nixd"	"stderr"	"I[12:15:00.751] 23238: <-- textDocument/didChange\n"
[ERROR][2025-07-22 12:15:00] ...p/_transport.lua:36	"rpc"	"nixd"	"stderr"	"I[12:15:00.752] 23238: --> notify textDocument/publishDiagnostics\n"
[ERROR][2025-07-22 12:15:01] ...p/_transport.lua:36	"rpc"	"nixd"	"stderr"	"I[12:15:01.396] 23238: <-- textDocument/didChange\nI[12:15:01.397] 23238: --> notify textDocument/publishDiagnostics\n"
[ERROR][2025-07-22 12:15:39] ...p/_transport.lua:36	"rpc"	"nixd"	"stderr"	"I[12:15:39.164] 23238: <-- textDocument/didOpen\nI[12:15:39.165] 23238: --> notify textDocument/publishDiagnostics\n"
[ERROR][2025-07-22 12:16:47] ...p/_transport.lua:36	"rpc"	"nixd"	"stderr"	"I[12:16:47.811] 23238: <-- textDocument/didOpen\nI[12:16:47.811] 23238: --> notify textDocument/publishDiagnostics\n"
[ERROR][2025-07-22 12:16:50] ...p/_transport.lua:36	"rpc"	"nixd"	"stderr"	"I[12:16:50.269] 23238: <-- textDocument/didChange\n"
[ERROR][2025-07-22 12:16:50] ...p/_transport.lua:36	"rpc"	"nixd"	"stderr"	"I[12:16:50.269] 23238: --> notify textDocument/publishDiagnostics\n"
[ERROR][2025-07-22 12:16:50] ...p/_transport.lua:36	"rpc"	"nixd"	"stderr"	"I[12:16:50.768] 23238: <-- textDocument/didChange\nI[12:16:50.769] 23238: --> notify textDocument/publishDiagnostics\n"
[ERROR][2025-07-22 12:16:51] ...p/_transport.lua:36	"rpc"	"nixd"	"stderr"	"I[12:16:51.167] 23238: <-- textDocument/didChange\nI[12:16:51.167] 23238: --> notify textDocument/publishDiagnostics\n"
[ERROR][2025-07-22 12:16:51] ...p/_transport.lua:36	"rpc"	"nixd"	"stderr"	"I[12:16:51.762] 23238: <-- textDocument/didChange\nI[12:16:51.763] 23238: --> notify textDocument/publishDiagnostics\n"
[ERROR][2025-07-22 12:16:51] ...p/_transport.lua:36	"rpc"	"nixd"	"stderr"	"I[12:16:51.911] 23238: "
[ERROR][2025-07-22 12:16:51] ...p/_transport.lua:36	"rpc"	"nixd"	"stderr"	"<-- textDocument/didChange\n"
[ERROR][2025-07-22 12:16:51] ...p/_transport.lua:36	"rpc"	"nixd"	"stderr"	"I[12:16:51.912] 23238: "
[ERROR][2025-07-22 12:16:51] ...p/_transport.lua:36	"rpc"	"nixd"	"stderr"	"--> notify textDocument/publishDiagnostics\n"
[ERROR][2025-07-22 12:16:53] ...p/_transport.lua:36	"rpc"	"nixd"	"stderr"	"I[12:16:53.397] 23238: <-- textDocument/didChange\nI[12:16:53.398] 23238: --> notify textDocument/publishDiagnostics\n"
[ERROR][2025-07-22 12:16:53] ...p/_transport.lua:36	"rpc"	"nixd"	"stderr"	"I[12:16:53.634] 23238: <-- textDocument/didChange\nI[12:16:53.635] 23238: --> notify textDocument/publishDiagnostics\n"
[ERROR][2025-07-22 12:16:53] ...p/_transport.lua:36	"rpc"	"nixd"	"stderr"	"I[12:16:53.783] 23238: <-- textDocument/didChange"
[ERROR][2025-07-22 12:16:53] ...p/_transport.lua:36	"rpc"	"nixd"	"stderr"	"\n"
[ERROR][2025-07-22 12:16:53] ...p/_transport.lua:36	"rpc"	"nixd"	"stderr"	"I[12:16:53.784] 23238: "
[ERROR][2025-07-22 12:16:53] ...p/_transport.lua:36	"rpc"	"nixd"	"stderr"	"--> notify textDocument/publishDiagnostics\n"
[ERROR][2025-07-22 12:16:55] ...p/_transport.lua:36	"rpc"	"nixd"	"stderr"	"I[12:16:55.136] 23238: <-- textDocument/didSave\nI[12:16:55.137] 23238: unhandled notification textDocument/didSave\n"
[ERROR][2025-07-22 12:16:55] ...p/_transport.lua:36	"rpc"	"nixd"	"stderr"	"I[12:16:55.149] 23238: <-- textDocument/didSave\nI[12:16:55.149] 23238: unhandled notification textDocument/didSave\n"
[ERROR][2025-07-22 12:17:18] ...p/_transport.lua:36	"rpc"	"nixd"	"stderr"	"I[12:17:18.988] 18483: <-- shutdown(9)\nI[12:17:18.988] 18483: --> reply:shutdown(9)\n"
[ERROR][2025-07-22 12:17:25] ...p/_transport.lua:36	"rpc"	"nixd"	"stderr"	"I[12:17:25.063] 5288: <-- shutdown(2)\nI[12:17:25.063] 5288: --> reply:shutdown(2)\n"
[START][2025-07-22 12:18:01] LSP logging initiated
[ERROR][2025-07-22 12:18:01] ...p/_transport.lua:36	"rpc"	"nixd"	"stderr"	"I["
[ERROR][2025-07-22 12:18:01] ...p/_transport.lua:36	"rpc"	"nixd"	"stderr"	"12:18:01.940] 26087: <-- initialize(1)\n"
[ERROR][2025-07-22 12:18:01] ...p/_transport.lua:36	"rpc"	"nixd"	"stderr"	"I[12:18:01.940] 26087: --> reply:initialize("
[ERROR][2025-07-22 12:18:01] ...p/_transport.lua:36	"rpc"	"nixd"	"stderr"	"1)\n"
[ERROR][2025-07-22 12:18:01] ...p/_transport.lua:36	"rpc"	"nixd"	"stderr"	"I[12:18:01.942] 26087: --> call window/workDoneProgress/create(1)\nI[12:18:01.942] 26087: --> notify $/progress\nI[12:18:01.942] 26087: --> call attrset/evalExpr(1)\n"
[ERROR][2025-07-22 12:18:01] ...p/_transport.lua:36	"rpc"	"nixd"	"stderr"	"I[12:18:01.943] 26087: --> call window/workDoneProgress/create(2)\nI[12:18:01.944] 26087: --> notify $/progress\nI[12:18:01.944] 26087: --> call attrset/evalExpr(1)\n"
[ERROR][2025-07-22 12:18:01] ...p/_transport.lua:36	"rpc"	"nixd"	"stderr"	"I[12:18:01.944] 26087: --> call workspace/configuration(3)\n"
[ERROR][2025-07-22 12:18:01] ...p/_transport.lua:36	"rpc"	"nixd"	"stderr"	"I[12:18:01.945] "
[ERROR][2025-07-22 12:18:01] ...p/_transport.lua:36	"rpc"	"nixd"	"stderr"	"26087: <-- initialized\n"
[ERROR][2025-07-22 12:18:01] ...p/_transport.lua:36	"rpc"	"nixd"	"stderr"	"I[12:18:01.945] 26087: <-- textDocument/didOpen\n"
[ERROR][2025-07-22 12:18:01] ...p/_transport.lua:36	"rpc"	"nixd"	"stderr"	"I[12:18:01.945] 26087: "
[ERROR][2025-07-22 12:18:01] ...p/_transport.lua:36	"rpc"	"nixd"	"stderr"	"--> notify textDocument/publishDiagnostics\n"
[ERROR][2025-07-22 12:18:01] ...p/_transport.lua:36	"rpc"	"nixd"	"stderr"	"I[12:18:01.946] 26087: <-- reply(1)\nI[12:18:01.946] 26087: <-- reply(2)\nI[12:18:01.946] 26087: <-- reply(3)\nE[12:18:01.946] 26087: workspace/configuration: parse error expected object\n"
[ERROR][2025-07-22 12:18:02] ...p/_transport.lua:36	"rpc"	"nixd"	"stderr"	"I[12:18:02.550] 26087: <-- reply(1)\n"
[ERROR][2025-07-22 12:18:02] ...p/_transport.lua:36	"rpc"	"nixd"	"stderr"	"I[12:18:02.550] 26087: --> notify $/progress\n"
[ERROR][2025-07-22 12:18:03] ...p/_transport.lua:36	"rpc"	"nixd"	"stderr"	"I[12:18:03.588] 26087: <-- reply(1)\nI[12:18:03.588] 26087: --> notify "
[ERROR][2025-07-22 12:18:03] ...p/_transport.lua:36	"rpc"	"nixd"	"stderr"	"$/progress\n"
[ERROR][2025-07-22 12:18:40] ...p/_transport.lua:36	"rpc"	"nixd"	"stderr"	"I[12:18:40.569] 26087: <-- textDocument/didChange\n"
[ERROR][2025-07-22 12:18:40] ...p/_transport.lua:36	"rpc"	"nixd"	"stderr"	"I[12:18:40.571] 26087: --> notify textDocument/publishDiagnostics\n"
[ERROR][2025-07-22 12:19:59] ...p/_transport.lua:36	"rpc"	"nixd"	"stderr"	"I[12:19:59.858] 26087: <-- textDocument/didChange\n"
[ERROR][2025-07-22 12:19:59] ...p/_transport.lua:36	"rpc"	"nixd"	"stderr"	"I[12:19:59.859] 26087: --> notify textDocument/publishDiagnostics\n"
[ERROR][2025-07-22 12:20:00] ...p/_transport.lua:36	"rpc"	"nixd"	"stderr"	"I[12:20:00.950] 26087: <-- textDocument/didChange\nI[12:20:00.951] 26087: --> notify textDocument/publishDiagnostics\n"
[ERROR][2025-07-22 12:20:03] ...p/_transport.lua:36	"rpc"	"nixd"	"stderr"	"I[12:20:03.136] 26087: <-- textDocument/didChange\nI[12:20:03.137] 26087: --> notify textDocument/publishDiagnostics\nI[12:20:03.140] 26087: <-- textDocument/completion(2)\n"
[ERROR][2025-07-22 12:20:03] ...p/_transport.lua:36	"rpc"	"nixd"	"stderr"	"I[12:20:03.140] 26087: --> call attrset/optionComplete(2)\n"
[ERROR][2025-07-22 12:20:03] ...p/_transport.lua:36	"rpc"	"nixd"	"stderr"	"I[12:20:03.142] 26087: <-- reply(2)\n"
[ERROR][2025-07-22 12:20:03] ...p/_transport.lua:36	"rpc"	"nixd"	"stderr"	"I[12:20:03.143] 26087: --> reply:textDocument/completion("
[ERROR][2025-07-22 12:20:03] ...p/_transport.lua:36	"rpc"	"nixd"	"stderr"	"2)\n"
[ERROR][2025-07-22 12:20:03] ...p/_transport.lua:36	"rpc"	"nixd"	"stderr"	"I[12:20:03.320] 26087: <-- textDocument/didChange\n"
[ERROR][2025-07-22 12:20:03] ...p/_transport.lua:36	"rpc"	"nixd"	"stderr"	"I[12:20:03.321] 26087: --> notify textDocument/publishDiagnostics\n"
[ERROR][2025-07-22 12:20:03] ...p/_transport.lua:36	"rpc"	"nixd"	"stderr"	"I[12:20:03.473] 26087: <-- textDocument/didChange\nI[12:20:03.474] 26087: --> notify textDocument/publishDiagnostics\n"
[ERROR][2025-07-22 12:20:04] ...p/_transport.lua:36	"rpc"	"nixd"	"stderr"	"I[12:20:04.314] 26087: <-- textDocument/didChange\n"
[ERROR][2025-07-22 12:20:04] ...p/_transport.lua:36	"rpc"	"nixd"	"stderr"	"I[12:20:04.314] 26087: --> notify textDocument/publishDiagnostics\n"
[ERROR][2025-07-22 12:20:04] ...p/_transport.lua:36	"rpc"	"nixd"	"stderr"	"I[12:20:04.687] 26087: <-- textDocument/didChange\nI[12:20:04.687] 26087: --> notify textDocument/publishDiagnostics\n"
[ERROR][2025-07-22 12:20:04] ...p/_transport.lua:36	"rpc"	"nixd"	"stderr"	"I[12:20:04.837] 26087: <-- textDocument/didChange\n"
[ERROR][2025-07-22 12:20:04] ...p/_transport.lua:36	"rpc"	"nixd"	"stderr"	"I[12:20:04.838] 26087: --> notify textDocument/publishDiagnostics\n"
[ERROR][2025-07-22 12:20:04] ...p/_transport.lua:36	"rpc"	"nixd"	"stderr"	"I[12:20:04.987] 26087: <-- textDocument/didChange\n"
[ERROR][2025-07-22 12:20:04] ...p/_transport.lua:36	"rpc"	"nixd"	"stderr"	"I[12:20:04.988] 26087: --> notify textDocument/publishDiagnostics\n"
[ERROR][2025-07-22 12:20:05] ...p/_transport.lua:36	"rpc"	"nixd"	"stderr"	"I[12:20:05.136] 26087: <-- textDocument/didChange\n"
[ERROR][2025-07-22 12:20:05] ...p/_transport.lua:36	"rpc"	"nixd"	"stderr"	"I[12:20:05.137] 26087: --> notify textDocument/publishDiagnostics\n"
[ERROR][2025-07-22 12:20:05] ...p/_transport.lua:36	"rpc"	"nixd"	"stderr"	"I[12:20:05.288] 26087: <-- textDocument/didChange\n"
[ERROR][2025-07-22 12:20:05] ...p/_transport.lua:36	"rpc"	"nixd"	"stderr"	"I[12:20:05.288] 26087: --> notify textDocument/publishDiagnostics\n"
[ERROR][2025-07-22 12:20:05] ...p/_transport.lua:36	"rpc"	"nixd"	"stderr"	"I[12:20:05.436] 26087: <-- textDocument/didChange\n"
[ERROR][2025-07-22 12:20:05] ...p/_transport.lua:36	"rpc"	"nixd"	"stderr"	"I[12:20:05.437] 26087: --> notify textDocument/publishDiagnostics\n"
[ERROR][2025-07-22 12:20:05] ...p/_transport.lua:36	"rpc"	"nixd"	"stderr"	"I[12:20:05.587] 26087: <-- textDocument/didChange\n"
[ERROR][2025-07-22 12:20:05] ...p/_transport.lua:36	"rpc"	"nixd"	"stderr"	"I[12:20:05.587] 26087: --> notify textDocument/publishDiagnostics\n"
[ERROR][2025-07-22 12:20:38] ...p/_transport.lua:36	"rpc"	"nixd"	"stderr"	"I[12:20:38.644] 26087: <-- textDocument/didChange\nI[12:20:38.645] 26087: --> notify textDocument/publishDiagnostics\n"
[ERROR][2025-07-22 12:20:50] ...p/_transport.lua:36	"rpc"	"nixd"	"stderr"	"I[12:20:50.258] 26087: <-- textDocument/didChange\nI[12:20:50.259] 26087: --> notify textDocument/publishDiagnostics\n"
[ERROR][2025-07-22 12:20:50] ...p/_transport.lua:36	"rpc"	"nixd"	"stderr"	"I[12:20:50.264] 26087: <-- textDocument/completion(3)\nI[12:20:50.265] 26087: completion/var: skipped, reason: not an idiom\nI[12:20:50.265] 26087: --> reply:textDocument/completion(3)\n"
[ERROR][2025-07-22 12:20:50] ...p/_transport.lua:36	"rpc"	"nixd"	"stderr"	"I[12:20:50.493] 26087: <-- textDocument/didChange\n"
[ERROR][2025-07-22 12:20:50] ...p/_transport.lua:36	"rpc"	"nixd"	"stderr"	"I[12:20:50.494] 26087: --> notify textDocument/publishDiagnostics\n"
[ERROR][2025-07-22 12:20:50] ...p/_transport.lua:36	"rpc"	"nixd"	"stderr"	"I[12:20:50.767] 26087: <-- textDocument/didChange\n"
[ERROR][2025-07-22 12:20:50] ...p/_transport.lua:36	"rpc"	"nixd"	"stderr"	"I[12:20:50.768] 26087: --> notify textDocument/publishDiagnostics\n"
[ERROR][2025-07-22 12:20:50] ...p/_transport.lua:36	"rpc"	"nixd"	"stderr"	"I[12:20:50.952] 26087: <-- textDocument/didChange\nI[12:20:50.953] 26087: --> notify textDocument/publishDiagnostics\nI[12:20:50.956] 26087: <-- textDocument/completion(4)\n"
[ERROR][2025-07-22 12:20:50] ...p/_transport.lua:36	"rpc"	"nixd"	"stderr"	"I[12:20:50.957] 26087: --> reply:textDocument/completion(4)\n"
[ERROR][2025-07-22 12:20:52] ...p/_transport.lua:36	"rpc"	"nixd"	"stderr"	"I[12:20:52.952] 26087: <-- textDocument/didChange\nI[12:20:52.953] 26087: --> notify textDocument/publishDiagnostics\n"
[ERROR][2025-07-22 12:20:53] ...p/_transport.lua:36	"rpc"	"nixd"	"stderr"	"I[12:20:53.582] 26087: <-- textDocument/didChange\nI[12:20:53.583] 26087: --> notify textDocument/publishDiagnostics\nI[12:20:53.587] 26087: <-- textDocument/completion(5)\nI[12:20:53.588] 26087: --> reply:textDocument/completion(5)\n"
[ERROR][2025-07-22 12:20:53] ...p/_transport.lua:36	"rpc"	"nixd"	"stderr"	"I[12:20:53.732] 26087: <-- textDocument/didChange\n"
[ERROR][2025-07-22 12:20:53] ...p/_transport.lua:36	"rpc"	"nixd"	"stderr"	"I[12:20:53.733] 26087: --> notify textDocument/publishDiagnostics\n"
[ERROR][2025-07-22 12:20:53] ...p/_transport.lua:36	"rpc"	"nixd"	"stderr"	"I[12:20:53.931] 26087: <-- textDocument/didChange\nI[12:20:53.932] 26087: --> notify textDocument/publishDiagnostics\n"
[ERROR][2025-07-22 12:20:54] ...p/_transport.lua:36	"rpc"	"nixd"	"stderr"	"I[12:20:54.295] 26087: <-- textDocument/didChange\nI[12:20:54.296] 26087: --> notify textDocument/publishDiagnostics\n"
[ERROR][2025-07-22 12:21:01] ...p/_transport.lua:36	"rpc"	"nixd"	"stderr"	"I[12:21:01.547] 26087: <-- textDocument/didChange\nI[12:21:01.548] 26087: --> notify textDocument/publishDiagnostics\n"
[ERROR][2025-07-22 12:21:01] ...p/_transport.lua:36	"rpc"	"nixd"	"stderr"	"I[12:21:01.553] 26087: <-- textDocument/completion(6)\nI["
[ERROR][2025-07-22 12:21:01] ...p/_transport.lua:36	"rpc"	"nixd"	"stderr"	"12:21:01.554] 26087: --> call attrset/attrpathComplete(2)\n"
[ERROR][2025-07-22 12:21:01] ...p/_transport.lua:36	"rpc"	"nixd"	"stderr"	"I[12:21:01.555] 26087: <-- reply(2)\nI[12:21:01.555] 26087: --> reply:textDocument/completion(6)\n"
[ERROR][2025-07-22 12:21:01] ...p/_transport.lua:36	"rpc"	"nixd"	"stderr"	"I[12:21:01.697] 26087: <-- textDocument/didChange\n"
[ERROR][2025-07-22 12:21:01] ...p/_transport.lua:36	"rpc"	"nixd"	"stderr"	"I[12:21:01.698] 26087: --> notify textDocument/publishDiagnostics\n"
[ERROR][2025-07-22 12:21:02] ...p/_transport.lua:36	"rpc"	"nixd"	"stderr"	"I[12:21:02.231] 26087: <-- textDocument/didChange\n"
[ERROR][2025-07-22 12:21:02] ...p/_transport.lua:36	"rpc"	"nixd"	"stderr"	"I[12:21:02.233] 26087: --> notify textDocument/publishDiagnostics\n"
[ERROR][2025-07-22 12:21:02] ...p/_transport.lua:36	"rpc"	"nixd"	"stderr"	"I[12:21:02.795] 26087: <-- textDocument/didChange\n"
[ERROR][2025-07-22 12:21:02] ...p/_transport.lua:36	"rpc"	"nixd"	"stderr"	"I[12:21:02.796] 26087: --> notify textDocument/publishDiagnostics\n"
[ERROR][2025-07-22 12:21:03] ...p/_transport.lua:36	"rpc"	"nixd"	"stderr"	"I["
[ERROR][2025-07-22 12:21:03] ...p/_transport.lua:36	"rpc"	"nixd"	"stderr"	"12:21:03.134] 26087: <-- textDocument/didChange\nI[12:21:03.135] 26087: --> notify textDocument/publishDiagnostics\n"
[ERROR][2025-07-22 12:21:03] ...p/_transport.lua:36	"rpc"	"nixd"	"stderr"	"I["
[ERROR][2025-07-22 12:21:03] ...p/_transport.lua:36	"rpc"	"nixd"	"stderr"	"12:21:03.338] 26087: <-- textDocument/didChange\nI[12:21:03.339] 26087: --> notify textDocument/publishDiagnostics\n"
[ERROR][2025-07-22 12:21:03] ...p/_transport.lua:36	"rpc"	"nixd"	"stderr"	"I[12:21:03.610] 26087: <-- textDocument/didChange"
[ERROR][2025-07-22 12:21:03] ...p/_transport.lua:36	"rpc"	"nixd"	"stderr"	"\nI[12:21:03.611] 26087: --> notify textDocument/publishDiagnostics\n"
[ERROR][2025-07-22 12:21:03] ...p/_transport.lua:36	"rpc"	"nixd"	"stderr"	"I[12:21:03.760] 26087: <-- textDocument/didChange\n"
[ERROR][2025-07-22 12:21:03] ...p/_transport.lua:36	"rpc"	"nixd"	"stderr"	"I[12:21:03.762] 26087: --> notify textDocument/publishDiagnostics\n"
[ERROR][2025-07-22 12:21:05] ...p/_transport.lua:36	"rpc"	"nixd"	"stderr"	"I[12:21:05.054] 26087: <-- textDocument/didChange\nI[12:21:05.055] 26087: --> notify textDocument/publishDiagnostics\n"
[ERROR][2025-07-22 12:23:59] ...p/_transport.lua:36	"rpc"	"nixd"	"stderr"	"I[12:23:59.216] 26087: <-- textDocument/didChange\nI[12:23:59.216] 26087: --> notify textDocument/publishDiagnostics\n"
[ERROR][2025-07-22 12:24:00] ...p/_transport.lua:36	"rpc"	"nixd"	"stderr"	"I[12:24:00.249] 26087: <-- textDocument/didChange\nI[12:24:00.249] 26087: --> notify textDocument/publishDiagnostics\n"
[ERROR][2025-07-22 12:24:01] ...p/_transport.lua:36	"rpc"	"nixd"	"stderr"	"I[12:24:01.088] 26087: <-- textDocument/didChange\nI[12:24:01.090] 26087: --> notify textDocument/publishDiagnostics\n"
[ERROR][2025-07-22 12:24:01] ...p/_transport.lua:36	"rpc"	"nixd"	"stderr"	"I[12:24:01.443] 26087: <-- textDocument/didChange\n"
[ERROR][2025-07-22 12:24:01] ...p/_transport.lua:36	"rpc"	"nixd"	"stderr"	"I[12:24:01.443] 26087: --> notify textDocument/publishDiagnostics\n"
[ERROR][2025-07-22 12:24:06] ...p/_transport.lua:36	"rpc"	"nixd"	"stderr"	"I[12:24:06.079] 26087: <-- textDocument/didChange\nI[12:24:06.079] 26087: --> notify textDocument/publishDiagnostics\n"
[ERROR][2025-07-22 12:24:07] ...p/_transport.lua:36	"rpc"	"nixd"	"stderr"	"I[12:24:07.514] 26087: <-- textDocument/didChange\nI[12:24:07.515] 26087: --> notify textDocument/publishDiagnostics\n"
[ERROR][2025-07-22 12:24:07] ...p/_transport.lua:36	"rpc"	"nixd"	"stderr"	"I[12:24:07.978] 26087: <-- textDocument/didChange\n"
[ERROR][2025-07-22 12:24:07] ...p/_transport.lua:36	"rpc"	"nixd"	"stderr"	"I[12:24:07.979] 26087: --> notify textDocument/publishDiagnostics\n"
[ERROR][2025-07-22 12:24:08] ...p/_transport.lua:36	"rpc"	"nixd"	"stderr"	"I[12:24:08.126] 26087: <-- "
[ERROR][2025-07-22 12:24:08] ...p/_transport.lua:36	"rpc"	"nixd"	"stderr"	"textDocument/didChange\n"
[ERROR][2025-07-22 12:24:08] ...p/_transport.lua:36	"rpc"	"nixd"	"stderr"	"I[12:24:08.127] 26087: --> notify textDocument/publishDiagnostics\n"
[ERROR][2025-07-22 12:24:11] ...p/_transport.lua:36	"rpc"	"nixd"	"stderr"	"I[12:24:11.751] 26087: <-- textDocument/didChange\nI[12:24:11.753] 26087: --> notify textDocument/publishDiagnostics\n"
[ERROR][2025-07-22 12:24:12] ...p/_transport.lua:36	"rpc"	"nixd"	"stderr"	"I[12:24:12.061] 26087: <-- textDocument/didChange\nI[12:24:12.062] 26087: --> notify textDocument/publishDiagnostics\n"
[ERROR][2025-07-22 12:24:12] ...p/_transport.lua:36	"rpc"	"nixd"	"stderr"	"I["
[ERROR][2025-07-22 12:24:12] ...p/_transport.lua:36	"rpc"	"nixd"	"stderr"	"12:24:12.065] 26087: <-- textDocument/completion(7)\n"
[ERROR][2025-07-22 12:24:12] ...p/_transport.lua:36	"rpc"	"nixd"	"stderr"	"I[12:24:12.066] 26087: --> call attrset/optionComplete(3)\n"
[ERROR][2025-07-22 12:24:12] ...p/_transport.lua:36	"rpc"	"nixd"	"stderr"	"I[12:24:12.067] 26087: <-- reply(3)\n"
[ERROR][2025-07-22 12:24:12] ...p/_transport.lua:36	"rpc"	"nixd"	"stderr"	"I[12:24:12.067] 26087: --> reply:"
[ERROR][2025-07-22 12:24:12] ...p/_transport.lua:36	"rpc"	"nixd"	"stderr"	"textDocument/completion(7)\n"
[ERROR][2025-07-22 12:24:12] ...p/_transport.lua:36	"rpc"	"nixd"	"stderr"	"I[12:24:12.225] 26087: <-- textDocument/didChange\n"
[ERROR][2025-07-22 12:24:12] ...p/_transport.lua:36	"rpc"	"nixd"	"stderr"	"I[12:24:12.228] 26087: --> notify textDocument/publishDiagnostics\n"
[ERROR][2025-07-22 12:24:12] ...p/_transport.lua:36	"rpc"	"nixd"	"stderr"	"I[12:24:12.375] 26087: <-- textDocument/didChange"
[ERROR][2025-07-22 12:24:12] ...p/_transport.lua:36	"rpc"	"nixd"	"stderr"	"\n"
[ERROR][2025-07-22 12:24:12] ...p/_transport.lua:36	"rpc"	"nixd"	"stderr"	"I[12:24:12.376] 26087: --> notify textDocument/publishDiagnostics\n"
[ERROR][2025-07-22 12:24:12] ...p/_transport.lua:36	"rpc"	"nixd"	"stderr"	"I[12:24:12.524] 26087"
[ERROR][2025-07-22 12:24:12] ...p/_transport.lua:36	"rpc"	"nixd"	"stderr"	": <-- textDocument/didChange\n"
[ERROR][2025-07-22 12:24:12] ...p/_transport.lua:36	"rpc"	"nixd"	"stderr"	"I[12:24:12.525] 26087: --> notify textDocument/publishDiagnostics"
[ERROR][2025-07-22 12:24:12] ...p/_transport.lua:36	"rpc"	"nixd"	"stderr"	"\n"
[ERROR][2025-07-22 12:24:13] ...p/_transport.lua:36	"rpc"	"nixd"	"stderr"	"I[12:24:13.214] 26087: <-- textDocument/didChange\n"
[ERROR][2025-07-22 12:24:13] ...p/_transport.lua:36	"rpc"	"nixd"	"stderr"	"I[12:24:13.215] 26087: --> notify textDocument/publishDiagnostics\n"
[ERROR][2025-07-22 12:24:13] ...p/_transport.lua:36	"rpc"	"nixd"	"stderr"	"I[12:24:13.367] 26087: <-- textDocument/didChange\n"
[ERROR][2025-07-22 12:24:13] ...p/_transport.lua:36	"rpc"	"nixd"	"stderr"	"I[12:24:13.371] 26087"
[ERROR][2025-07-22 12:24:13] ...p/_transport.lua:36	"rpc"	"nixd"	"stderr"	": --> notify textDocument/publishDiagnostics\n"
[ERROR][2025-07-22 12:24:13] ...p/_transport.lua:36	"rpc"	"nixd"	"stderr"	"I[12:24:13.585] 26087: <-- textDocument/didChange\nI[12:24:13.586] 26087: --> notify textDocument/publishDiagnostics\n"
[ERROR][2025-07-22 12:24:13] ...p/_transport.lua:36	"rpc"	"nixd"	"stderr"	"I[12:24:13.734] 26087: <-- "
[ERROR][2025-07-22 12:24:13] ...p/_transport.lua:36	"rpc"	"nixd"	"stderr"	"textDocument/didChange\n"
[ERROR][2025-07-22 12:24:13] ...p/_transport.lua:36	"rpc"	"nixd"	"stderr"	"I[12:24:13.735] 26087: --> notify textDocument/publishDiagnostics"
[ERROR][2025-07-22 12:24:13] ...p/_transport.lua:36	"rpc"	"nixd"	"stderr"	"\n"
[ERROR][2025-07-22 12:24:14] ...p/_transport.lua:36	"rpc"	"nixd"	"stderr"	"I[12:24:14.091] 26087: <-- textDocument/didChange\n"
[ERROR][2025-07-22 12:24:14] ...p/_transport.lua:36	"rpc"	"nixd"	"stderr"	"I[12:24:14.092] 26087: --> notify textDocument/publishDiagnostics\n"
[ERROR][2025-07-22 12:24:14] ...p/_transport.lua:36	"rpc"	"nixd"	"stderr"	"I[12:24:14.242] 26087: <-- textDocument/didChange\nI[12:24:14.243] 26087: --> notify textDocument/publishDiagnostics\n"
[ERROR][2025-07-22 12:24:14] ...p/_transport.lua:36	"rpc"	"nixd"	"stderr"	"I[12:24:14.398] 26087: <-- textDocument/didChange\n"
[ERROR][2025-07-22 12:24:14] ...p/_transport.lua:36	"rpc"	"nixd"	"stderr"	"I[12:24:14.399] 26087: --> notify textDocument/publishDiagnostics\n"
[ERROR][2025-07-22 12:24:14] ...p/_transport.lua:36	"rpc"	"nixd"	"stderr"	"I[12:24:14.743] 26087: <-- textDocument/didChange\n"
[ERROR][2025-07-22 12:24:14] ...p/_transport.lua:36	"rpc"	"nixd"	"stderr"	"I[12:24:14.744] 26087: --> notify textDocument/publishDiagnostics\n"
[ERROR][2025-07-22 12:24:15] ...p/_transport.lua:36	"rpc"	"nixd"	"stderr"	"I[12:24:15.090] 26087: <-- textDocument/didChange\n"
[ERROR][2025-07-22 12:24:15] ...p/_transport.lua:36	"rpc"	"nixd"	"stderr"	"I[12:24:15.091] 26087: --> notify textDocument/publishDiagnostics\nI[12:24:15.093] 26087: <-- textDocument/completion(8)\n"
[ERROR][2025-07-22 12:24:15] ...p/_transport.lua:36	"rpc"	"nixd"	"stderr"	"I[12:24:15.094] 26087: --> call attrset/optionComplete(4)\n"
[ERROR][2025-07-22 12:24:15] ...p/_transport.lua:36	"rpc"	"nixd"	"stderr"	"I[12:24:15.095] 26087: <-- reply(4)\n"
[ERROR][2025-07-22 12:24:15] ...p/_transport.lua:36	"rpc"	"nixd"	"stderr"	"I[12:24:15.095] 26087: --> reply:textDocument/completion(8)\n"
[ERROR][2025-07-22 12:24:15] ...p/_transport.lua:36	"rpc"	"nixd"	"stderr"	"I[12:24:15.240] 26087: "
[ERROR][2025-07-22 12:24:15] ...p/_transport.lua:36	"rpc"	"nixd"	"stderr"	"<-- textDocument/didChange\n"
[ERROR][2025-07-22 12:24:15] ...p/_transport.lua:36	"rpc"	"nixd"	"stderr"	"I[12:24:15.241] 26087: --> notify "
[ERROR][2025-07-22 12:24:15] ...p/_transport.lua:36	"rpc"	"nixd"	"stderr"	"textDocument/publishDiagnostics\n"
[ERROR][2025-07-22 12:24:15] ...p/_transport.lua:36	"rpc"	"nixd"	"stderr"	"I[12:24:15.391] 26087: <-- textDocument/didChange\n"
[ERROR][2025-07-22 12:24:15] ...p/_transport.lua:36	"rpc"	"nixd"	"stderr"	"I[12:24:15.392] 26087: --> notify "
[ERROR][2025-07-22 12:24:15] ...p/_transport.lua:36	"rpc"	"nixd"	"stderr"	"textDocument/publishDiagnostics\n"
[ERROR][2025-07-22 12:24:15] ...p/_transport.lua:36	"rpc"	"nixd"	"stderr"	"I[12:24:15.541] 26087: <-- textDocument/didChange"
[ERROR][2025-07-22 12:24:15] ...p/_transport.lua:36	"rpc"	"nixd"	"stderr"	"\n"
[ERROR][2025-07-22 12:24:15] ...p/_transport.lua:36	"rpc"	"nixd"	"stderr"	"I[12:24:15.542] 26087: --> notify textDocument/publishDiagnostics\n"
[ERROR][2025-07-22 12:24:15] ...p/_transport.lua:36	"rpc"	"nixd"	"stderr"	"I["
[ERROR][2025-07-22 12:24:15] ...p/_transport.lua:36	"rpc"	"nixd"	"stderr"	"12:24:15.691] 26087: <-- textDocument/didChange\n"
[ERROR][2025-07-22 12:24:15] ...p/_transport.lua:36	"rpc"	"nixd"	"stderr"	"I[12:24:15.692] 26087: --> notify "
[ERROR][2025-07-22 12:24:15] ...p/_transport.lua:36	"rpc"	"nixd"	"stderr"	"textDocument/publishDiagnostics\n"
[ERROR][2025-07-22 12:24:16] ...p/_transport.lua:36	"rpc"	"nixd"	"stderr"	"I[12:24:16.154] 26087: <-- textDocument/didChange\n"
[ERROR][2025-07-22 12:24:16] ...p/_transport.lua:36	"rpc"	"nixd"	"stderr"	"I[12:24:16.155] 26087: --> notify textDocument/publishDiagnostics\n"
[ERROR][2025-07-22 12:24:16] ...p/_transport.lua:36	"rpc"	"nixd"	"stderr"	"I[12:24:16.336] 26087: <-- textDocument/didChange\n"
[ERROR][2025-07-22 12:24:16] ...p/_transport.lua:36	"rpc"	"nixd"	"stderr"	"I[12:24:16.337] 26087: --> notify textDocument/publishDiagnostics\n"
[ERROR][2025-07-22 12:24:16] ...p/_transport.lua:36	"rpc"	"nixd"	"stderr"	"I[12:24:16.649] 26087: <-- textDocument/didChange\n"
[ERROR][2025-07-22 12:24:16] ...p/_transport.lua:36	"rpc"	"nixd"	"stderr"	"I[12:24:16.650] 26087: --> notify textDocument/publishDiagnostics\n"
[ERROR][2025-07-22 12:24:16] ...p/_transport.lua:36	"rpc"	"nixd"	"stderr"	"I["
[ERROR][2025-07-22 12:24:16] ...p/_transport.lua:36	"rpc"	"nixd"	"stderr"	"12:24:16.799] 26087: <-- textDocument/didChange\n"
[ERROR][2025-07-22 12:24:16] ...p/_transport.lua:36	"rpc"	"nixd"	"stderr"	"I[12:24:16.800] 26087: --> notify textDocument/publishDiagnostics"
[ERROR][2025-07-22 12:24:16] ...p/_transport.lua:36	"rpc"	"nixd"	"stderr"	"\n"
[ERROR][2025-07-22 12:24:16] ...p/_transport.lua:36	"rpc"	"nixd"	"stderr"	"I[12:24:16.948] 26087"
[ERROR][2025-07-22 12:24:16] ...p/_transport.lua:36	"rpc"	"nixd"	"stderr"	": <-- textDocument/didChange\n"
[ERROR][2025-07-22 12:24:16] ...p/_transport.lua:36	"rpc"	"nixd"	"stderr"	"I[12:24:16.949] 26087: --> notify textDocument/publishDiagnostics\n"
[ERROR][2025-07-22 12:24:17] ...p/_transport.lua:36	"rpc"	"nixd"	"stderr"	"I[12:24:17.245] 26087: <-- textDocument/didChange\n"
[ERROR][2025-07-22 12:24:17] ...p/_transport.lua:36	"rpc"	"nixd"	"stderr"	"I[12:24:17.246] 26087: --> notify textDocument/publishDiagnostics\n"
[ERROR][2025-07-22 12:24:22] ...p/_transport.lua:36	"rpc"	"nixd"	"stderr"	"I[12:24:22.366] 26087: <-- textDocument/didChange\n"
[ERROR][2025-07-22 12:24:22] ...p/_transport.lua:36	"rpc"	"nixd"	"stderr"	"I[12:24:22.367] 26087: --> notify textDocument/publishDiagnostics\n"
[ERROR][2025-07-22 12:24:22] ...p/_transport.lua:36	"rpc"	"nixd"	"stderr"	"I[12:24:22.979] 26087: <-- textDocument/didChange\n"
[ERROR][2025-07-22 12:24:22] ...p/_transport.lua:36	"rpc"	"nixd"	"stderr"	"I[12:24:22.984] 26087: --> notify textDocument/publishDiagnostics\n"
[ERROR][2025-07-22 12:24:23] ...p/_transport.lua:36	"rpc"	"nixd"	"stderr"	"I[12:24:23.004] 26087: <-- textDocument/completion(9)\nI[12:24:23.004] 26087: completion/var: skipped, reason: not an idiom\nI[12:24:23.004] 26087: --> reply:textDocument/completion(9)\n"
[ERROR][2025-07-22 12:24:23] ...p/_transport.lua:36	"rpc"	"nixd"	"stderr"	"I[12:24:23.129] 26087: <-- textDocument/didChange\n"
[ERROR][2025-07-22 12:24:23] ...p/_transport.lua:36	"rpc"	"nixd"	"stderr"	"I[12:24:23.132] 26087: --> notify textDocument/publishDiagnostics\n"
[ERROR][2025-07-22 12:24:23] ...p/_transport.lua:36	"rpc"	"nixd"	"stderr"	"I[12:24:23.364] 26087: <-- textDocument/didChange\n"
[ERROR][2025-07-22 12:24:23] ...p/_transport.lua:36	"rpc"	"nixd"	"stderr"	"I[12:24:23.367] 26087: "
[ERROR][2025-07-22 12:24:23] ...p/_transport.lua:36	"rpc"	"nixd"	"stderr"	"--> notify textDocument/publishDiagnostics\n"
[ERROR][2025-07-22 12:24:23] ...p/_transport.lua:36	"rpc"	"nixd"	"stderr"	"I[12:24:23.523] 26087: <-- textDocument/didChange\nI[12:24:23.524] 26087: --> notify textDocument/publishDiagnostics\n"
[ERROR][2025-07-22 12:24:23] ...p/_transport.lua:36	"rpc"	"nixd"	"stderr"	"I[12:24:23.759] 26087: <-- textDocument/didChange\n"
[ERROR][2025-07-22 12:24:23] ...p/_transport.lua:36	"rpc"	"nixd"	"stderr"	"I[12:24:23.762] 26087: --> notify textDocument/publishDiagnostics\n"
[ERROR][2025-07-22 12:24:23] ...p/_transport.lua:36	"rpc"	"nixd"	"stderr"	"I[12:24:23.778] 26087: <-- textDocument/completion(10)\nI[12:24:23.779] 26087: completion/var: skipped, reason: not an idiom\nI[12:24:23.779] 26087: --> reply:textDocument/completion(10)\n"
[ERROR][2025-07-22 12:24:23] ...p/_transport.lua:36	"rpc"	"nixd"	"stderr"	"I[12:24:23.932] 26087: <-- textDocument/didChange\n"
[ERROR][2025-07-22 12:24:23] ...p/_transport.lua:36	"rpc"	"nixd"	"stderr"	"I["
[ERROR][2025-07-22 12:24:23] ...p/_transport.lua:36	"rpc"	"nixd"	"stderr"	"12:24:23.935] 26087: --> notify textDocument/publishDiagnostics\n"
[ERROR][2025-07-22 12:24:24] ...p/_transport.lua:36	"rpc"	"nixd"	"stderr"	"I[12:24:24.082] 26087: <-- textDocument/didChange\n"
[ERROR][2025-07-22 12:24:24] ...p/_transport.lua:36	"rpc"	"nixd"	"stderr"	"I[12:24:24.084] 26087: --> notify textDocument/publishDiagnostics\n"
[ERROR][2025-07-22 12:24:24] ...p/_transport.lua:36	"rpc"	"nixd"	"stderr"	"I[12:24:24.199] 26087: <-- textDocument/didChange\n"
[ERROR][2025-07-22 12:24:24] ...p/_transport.lua:36	"rpc"	"nixd"	"stderr"	"I[12:24:24.200] 26087: --> notify textDocument/publishDiagnostics\n"
[ERROR][2025-07-22 12:24:24] ...p/_transport.lua:36	"rpc"	"nixd"	"stderr"	"I[12:24:24.201] 26087: <-- textDocument/completion(11)\n"
[ERROR][2025-07-22 12:24:24] ...p/_transport.lua:36	"rpc"	"nixd"	"stderr"	"I[12:24:24.201] 26087: --> reply:textDocument/completion(11)\n"
[ERROR][2025-07-22 12:24:24] ...p/_transport.lua:36	"rpc"	"nixd"	"stderr"	"I[12:24:24.698] 26087: <-- textDocument/didChange\n"
[ERROR][2025-07-22 12:24:24] ...p/_transport.lua:36	"rpc"	"nixd"	"stderr"	"I[12:24:24.701] 26087: --> notify textDocument/publishDiagnostics\n"
[ERROR][2025-07-22 12:24:24] ...p/_transport.lua:36	"rpc"	"nixd"	"stderr"	"I[12:24:24.718] 26087: <-- textDocument/completion(12)\nI[12:24:24.718] 26087: --> call attrset/attrpathComplete(3)\nI[12:24:24.719] 26087: <-- reply(3)\nI[12:24:24.720] 26087: --> reply:textDocument/completion(12)\n"
[ERROR][2025-07-22 12:24:24] ...p/_transport.lua:36	"rpc"	"nixd"	"stderr"	"I[12:24:24.848] 26087: <-- textDocument/didChange\n"
[ERROR][2025-07-22 12:24:24] ...p/_transport.lua:36	"rpc"	"nixd"	"stderr"	"I[12:24:24.850] 26087: --> notify textDocument/publishDiagnostics\n"
[ERROR][2025-07-22 12:24:29] ...p/_transport.lua:36	"rpc"	"nixd"	"stderr"	"I[12:24:29.822] 26087: <-- textDocument/didChange\n"
[ERROR][2025-07-22 12:24:29] ...p/_transport.lua:36	"rpc"	"nixd"	"stderr"	"I[12:24:29.825] 26087: --> notify textDocument/publishDiagnostics\n"
[ERROR][2025-07-22 12:24:30] ...p/_transport.lua:36	"rpc"	"nixd"	"stderr"	"I[12:24:30.059] 26087: <-- textDocument/didChange\n"
[ERROR][2025-07-22 12:24:30] ...p/_transport.lua:36	"rpc"	"nixd"	"stderr"	"I[12:24:30.062] 26087: --> notify textDocument/publishDiagnostics\n"
[ERROR][2025-07-22 12:24:30] ...p/_transport.lua:36	"rpc"	"nixd"	"stderr"	"I[12:24:30.524] 26087: <-- textDocument/didChange\n"
[ERROR][2025-07-22 12:24:30] ...p/_transport.lua:36	"rpc"	"nixd"	"stderr"	"I[12:24:30.527"
[ERROR][2025-07-22 12:24:30] ...p/_transport.lua:36	"rpc"	"nixd"	"stderr"	"] 26087: --> notify textDocument/publishDiagnostics\n"
[ERROR][2025-07-22 12:24:30] ...p/_transport.lua:36	"rpc"	"nixd"	"stderr"	"I[12:24:30.673] 26087: <-- textDocument/didChange\n"
[ERROR][2025-07-22 12:24:30] ...p/_transport.lua:36	"rpc"	"nixd"	"stderr"	"I[12:24:30.676] 26087: --> notify textDocument/publishDiagnostics\n"
[ERROR][2025-07-22 12:24:31] ...p/_transport.lua:36	"rpc"	"nixd"	"stderr"	"I[12:24:31.011] 26087: <-- textDocument/didChange\n"
[ERROR][2025-07-22 12:24:31] ...p/_transport.lua:36	"rpc"	"nixd"	"stderr"	"I[12:24:31.013] 26087: --> notify textDocument/publishDiagnostics\n"
[ERROR][2025-07-22 12:24:31] ...p/_transport.lua:36	"rpc"	"nixd"	"stderr"	"I[12:24:31.160] 26087: <-- textDocument/didChange\n"
[ERROR][2025-07-22 12:24:31] ...p/_transport.lua:36	"rpc"	"nixd"	"stderr"	"I[12:24:31.162] 26087: --> notify textDocument/publishDiagnostics\n"
[ERROR][2025-07-22 12:24:33] ...p/_transport.lua:36	"rpc"	"nixd"	"stderr"	"I[12:24:33.068] 26087: <-- textDocument/didChange\nI[12:24:33.069] 26087: --> notify textDocument/publishDiagnostics\n"
[ERROR][2025-07-22 12:24:34] ...p/_transport.lua:36	"rpc"	"nixd"	"stderr"	"I[12:24:34.474] 26087: <-- textDocument/didChange\n"
[ERROR][2025-07-22 12:24:34] ...p/_transport.lua:36	"rpc"	"nixd"	"stderr"	"I[12:24:34.475] 26087: --> notify textDocument/publishDiagnostics\n"
[ERROR][2025-07-22 12:24:35] ...p/_transport.lua:36	"rpc"	"nixd"	"stderr"	"I[12:24:35.397] 26087: <-- textDocument/didChange\n"
[ERROR][2025-07-22 12:24:35] ...p/_transport.lua:36	"rpc"	"nixd"	"stderr"	"I[12:24:35.398] 26087: --> notify textDocument/publishDiagnostics\n"
[ERROR][2025-07-22 12:24:35] ...p/_transport.lua:36	"rpc"	"nixd"	"stderr"	"I[12:24:35.546] 26087: <-- textDocument/didChange\n"
[ERROR][2025-07-22 12:24:35] ...p/_transport.lua:36	"rpc"	"nixd"	"stderr"	"I[12:24:35.547] 26087: --> notify textDocument/publishDiagnostics\n"
[ERROR][2025-07-22 12:24:35] ...p/_transport.lua:36	"rpc"	"nixd"	"stderr"	"I[12:24:35.756] 26087: <-- textDocument/didChange\n"
[ERROR][2025-07-22 12:24:35] ...p/_transport.lua:36	"rpc"	"nixd"	"stderr"	"I[12:24:35.757] 26087: --> notify textDocument/publishDiagnostics\n"
[ERROR][2025-07-22 12:24:35] ...p/_transport.lua:36	"rpc"	"nixd"	"stderr"	"I[12:24:35.905] 26087: <-- textDocument/didChange\n"
[ERROR][2025-07-22 12:24:35] ...p/_transport.lua:36	"rpc"	"nixd"	"stderr"	"I[12:24:35.906] 26087: --> notify textDocument/publishDiagnostics\n"
[ERROR][2025-07-22 12:24:36] ...p/_transport.lua:36	"rpc"	"nixd"	"stderr"	"I[12:24:36.160] 26087: <-- textDocument/didChange\n"
[ERROR][2025-07-22 12:24:36] ...p/_transport.lua:36	"rpc"	"nixd"	"stderr"	"I[12:24:36.163] 26087: "
[ERROR][2025-07-22 12:24:36] ...p/_transport.lua:36	"rpc"	"nixd"	"stderr"	"--> notify textDocument/publishDiagnostics\n"
[ERROR][2025-07-22 12:24:36] ...p/_transport.lua:36	"rpc"	"nixd"	"stderr"	"I[12:24:36.309] 26087: <-- textDocument/didChange\n"
[ERROR][2025-07-22 12:24:36] ...p/_transport.lua:36	"rpc"	"nixd"	"stderr"	"I[12:24:36.309] 26087: --> notify textDocument/publishDiagnostics"
[ERROR][2025-07-22 12:24:36] ...p/_transport.lua:36	"rpc"	"nixd"	"stderr"	"\n"
[ERROR][2025-07-22 12:24:40] ...p/_transport.lua:36	"rpc"	"nixd"	"stderr"	"I[12:24:40.047] "
[ERROR][2025-07-22 12:24:40] ...p/_transport.lua:36	"rpc"	"nixd"	"stderr"	"26087: <-- textDocument/didSave\nI[12:24:40.047] 26087: unhandled notification textDocument/didSave\n"
[ERROR][2025-07-22 12:24:46] ...p/_transport.lua:36	"rpc"	"nixd"	"stderr"	"I["
[ERROR][2025-07-22 12:24:46] ...p/_transport.lua:36	"rpc"	"nixd"	"stderr"	"12:24:46.828] 26087: <-- textDocument/didSave\nI[12:24:46.828] 26087: unhandled notification textDocument/didSave\n"
[ERROR][2025-07-22 12:28:02] ...p/_transport.lua:36	"rpc"	"nixd"	"stderr"	"I[12:28:02.617] 26087: <-- shutdown(13)\nI[12:28:02.617] 26087: --> reply:shutdown(13)\n"
[ERROR][2025-07-22 12:28:02] ...p/_transport.lua:36	"rpc"	"nixd"	"stderr"	"I[12:28:02.628] 23238: <-- shutdown(9)\nI[12:28:02.628] 23238: --> reply:shutdown(9)\n"
[START][2025-07-22 12:33:03] LSP logging initiated
[ERROR][2025-07-22 12:33:03] ...p/_transport.lua:36	"rpc"	"nixd"	"stderr"	"I["
[ERROR][2025-07-22 12:33:03] ...p/_transport.lua:36	"rpc"	"nixd"	"stderr"	"12:33:03.811] 1839: <-- initialize(1)\nI[12:33:03.812] 1839: --> reply:initialize(1)\n"
[ERROR][2025-07-22 12:33:03] ...p/_transport.lua:36	"rpc"	"nixd"	"stderr"	"I[12:33:03.813] 1839: --> call window/workDoneProgress/create(1)\nI[12:33:03.813] 1839: --> notify $/progress\nI[12:33:03.813] 1839: --> call attrset/evalExpr(1)\nI[12:33:03.814] 1839: --> call window/workDoneProgress/create(2)\nI[12:33:03.814] 1839: --> notify $/progress\nI[12:33:03.814] 1839: --> call attrset/evalExpr(1)\nI[12:33:03.814] 1839: --> call workspace/configuration(3)\n"
[ERROR][2025-07-22 12:33:03] ...p/_transport.lua:36	"rpc"	"nixd"	"stderr"	"I[12:33:03.815] 1839: <-- initialized\nI[12:33:03.816] 1839: <-- textDocument/didOpen\n"
[ERROR][2025-07-22 12:33:03] ...p/_transport.lua:36	"rpc"	"nixd"	"stderr"	"I[12:33:03.819] 1839: "
[ERROR][2025-07-22 12:33:03] ...p/_transport.lua:36	"rpc"	"nixd"	"stderr"	"--> notify textDocument/publishDiagnostics\n"
[ERROR][2025-07-22 12:33:03] ...p/_transport.lua:36	"rpc"	"nixd"	"stderr"	"I[12:33:03.819] 1839: <-- reply(1)\nI[12:33:03.820] 1839: <-- reply("
[ERROR][2025-07-22 12:33:03] ...p/_transport.lua:36	"rpc"	"nixd"	"stderr"	"2)\n"
[ERROR][2025-07-22 12:33:03] ...p/_transport.lua:36	"rpc"	"nixd"	"stderr"	"I[12:33:03.820] 1839: <-- reply(3)\nE[12:33:03.820] 1839: workspace/configuration: parse error expected object\n"
[ERROR][2025-07-22 12:33:05] ...p/_transport.lua:36	"rpc"	"nixd"	"stderr"	"I[12:33:05.214] 1839: <-- reply(1)\n"
[ERROR][2025-07-22 12:33:05] ...p/_transport.lua:36	"rpc"	"nixd"	"stderr"	"I[12:33:05.214] 1839: --> notify $/progress\n"
[ERROR][2025-07-22 12:33:07] ...p/_transport.lua:36	"rpc"	"nixd"	"stderr"	"I[12:33:07.132] 1839: <-- reply(1)\n"
[ERROR][2025-07-22 12:33:07] ...p/_transport.lua:36	"rpc"	"nixd"	"stderr"	"I[12:33:07.132] 1839: --> notify $/progress\n"
[ERROR][2025-07-22 12:33:14] ...p/_transport.lua:36	"rpc"	"nixd"	"stderr"	"I[12:33:14.184] 1839: <-- textDocument/didChange\n"
[ERROR][2025-07-22 12:33:14] ...p/_transport.lua:36	"rpc"	"nixd"	"stderr"	"I[12:33:14.185] 1839: --> notify textDocument/publishDiagnostics\n"
[ERROR][2025-07-22 12:33:17] ...p/_transport.lua:36	"rpc"	"nixd"	"stderr"	"I[12:33:17.258] 1839: <-- textDocument/didChange\nI[12:33:17.259] 1839: --> notify textDocument/publishDiagnostics\n"
[ERROR][2025-07-22 12:33:17] ...p/_transport.lua:36	"rpc"	"nixd"	"stderr"	"I[12:33:17.658] 1839: <-- textDocument/didChange\n"
[ERROR][2025-07-22 12:33:17] ...p/_transport.lua:36	"rpc"	"nixd"	"stderr"	"I[12:33:17.659] 1839: --> notify textDocument/publishDiagnostics\nI[12:33:17.661] 1839: <-- textDocument/completion(2)\n"
[ERROR][2025-07-22 12:33:17] ...p/_transport.lua:36	"rpc"	"nixd"	"stderr"	"I[12:33:17.661] 1839: --> reply:textDocument/completion(2)\n"
[ERROR][2025-07-22 12:33:17] ...p/_transport.lua:36	"rpc"	"nixd"	"stderr"	"I[12:33:17.850] 1839: <-- textDocument/didChange\n"
[ERROR][2025-07-22 12:33:17] ...p/_transport.lua:36	"rpc"	"nixd"	"stderr"	"I[12:33:17.851] 1839: --> notify textDocument/publishDiagnostics\n"
[ERROR][2025-07-22 12:33:18] ...p/_transport.lua:36	"rpc"	"nixd"	"stderr"	"I[12:33:18.422] 1839: <-- textDocument/didChange\n"
[ERROR][2025-07-22 12:33:18] ...p/_transport.lua:36	"rpc"	"nixd"	"stderr"	"I[12:33:18.423] 1839: --> notify textDocument/publishDiagnostics\n"
[ERROR][2025-07-22 12:33:18] ...p/_transport.lua:36	"rpc"	"nixd"	"stderr"	"I[12:33:18.572] 1839: <-- textDocument/didChange\n"
[ERROR][2025-07-22 12:33:18] ...p/_transport.lua:36	"rpc"	"nixd"	"stderr"	"I[12:33:18.573] 1839: --> notify textDocument/publishDiagnostics\n"
[ERROR][2025-07-22 12:33:18] ...p/_transport.lua:36	"rpc"	"nixd"	"stderr"	"I[12:33:18.825] 1839: <-- textDocument/didChange\n"
[ERROR][2025-07-22 12:33:18] ...p/_transport.lua:36	"rpc"	"nixd"	"stderr"	"I[12:33:18.826] 1839: --> notify textDocument/publishDiagnostics\n"
[ERROR][2025-07-22 12:33:18] ...p/_transport.lua:36	"rpc"	"nixd"	"stderr"	"I[12:33:18.975] 1839: <-- textDocument/didChange\n"
[ERROR][2025-07-22 12:33:18] ...p/_transport.lua:36	"rpc"	"nixd"	"stderr"	"I[12:33:18.976] 1839: --> notify textDocument/publishDiagnostics\n"
[ERROR][2025-07-22 12:33:19] ...p/_transport.lua:36	"rpc"	"nixd"	"stderr"	"I[12:33:19.124] 1839: <-- textDocument/didChange\n"
[ERROR][2025-07-22 12:33:19] ...p/_transport.lua:36	"rpc"	"nixd"	"stderr"	"I[12:33:19.125] 1839: --> notify textDocument/publishDiagnostics\n"
[ERROR][2025-07-22 12:33:19] ...p/_transport.lua:36	"rpc"	"nixd"	"stderr"	"I[12:33:19.273] 1839: <-- textDocument/didChange\n"
[ERROR][2025-07-22 12:33:19] ...p/_transport.lua:36	"rpc"	"nixd"	"stderr"	"I[12:33:19.274] 1839: --> notify textDocument/publishDiagnostics\n"
[ERROR][2025-07-22 12:33:19] ...p/_transport.lua:36	"rpc"	"nixd"	"stderr"	"I[12:33:19.430] 1839: <-- textDocument/didChange\n"
[ERROR][2025-07-22 12:33:19] ...p/_transport.lua:36	"rpc"	"nixd"	"stderr"	"I[12:33:19.430] 1839: --> notify textDocument/publishDiagnostics\nI[12:33:19.433] 1839: <-- textDocument/completion(3)\n"
[ERROR][2025-07-22 12:33:19] ...p/_transport.lua:36	"rpc"	"nixd"	"stderr"	"I[12:33:19.434] 1839: --> reply:textDocument/completion(3)\n"
[ERROR][2025-07-22 12:33:19] ...p/_transport.lua:36	"rpc"	"nixd"	"stderr"	"I[12:33:19.859] 1839: <-- textDocument/didChange\n"
[ERROR][2025-07-22 12:33:19] ...p/_transport.lua:36	"rpc"	"nixd"	"stderr"	"I[12:33:19.859] 1839: --> notify textDocument/publishDiagnostics\nI[12:33:19.862] 1839: <-- textDocument/completion(4)\n"
[ERROR][2025-07-22 12:33:19] ...p/_transport.lua:36	"rpc"	"nixd"	"stderr"	"I[12:33:19.862] 1839: --> reply:textDocument/completion(4)\n"
[ERROR][2025-07-22 12:33:22] ...p/_transport.lua:36	"rpc"	"nixd"	"stderr"	"I[12:33:22.378] 1839: <-- textDocument/didSave\nI[12:33:22.378] 1839: unhandled notification textDocument/didSave\n"
[ERROR][2025-07-22 12:33:23] ...p/_transport.lua:36	"rpc"	"nixd"	"stderr"	"I[12:33:23.855] 1839: <-- textDocument/didSave\nI[12:33:23.856] 1839: unhandled notification textDocument/didSave\nI[12:33:23.860] 1839: <-- shutdown(5)\nI[12:33:23.860] 1839: --> reply:shutdown(5)\n"
[START][2025-07-22 12:34:04] LSP logging initiated
[ERROR][2025-07-22 12:34:04] ...p/_transport.lua:36	"rpc"	"nixd"	"stderr"	"I["
[ERROR][2025-07-22 12:34:04] ...p/_transport.lua:36	"rpc"	"nixd"	"stderr"	"12:34:04.386] 2000: <-- initialize(1)\n"
[ERROR][2025-07-22 12:34:04] ...p/_transport.lua:36	"rpc"	"nixd"	"stderr"	"I[12:34:04.386] 2000: --> reply:initialize(1)\n"
[ERROR][2025-07-22 12:34:04] ...p/_transport.lua:36	"rpc"	"nixd"	"stderr"	"I[12:34:04.387] 2000: --> call window/workDoneProgress/create(1)\n"
[ERROR][2025-07-22 12:34:04] ...p/_transport.lua:36	"rpc"	"nixd"	"stderr"	"I[12:34:04.387] 2000: --> notify $/progress\nI[12:34:04.387] 2000: --> call attrset/evalExpr(1)\n"
[ERROR][2025-07-22 12:34:04] ...p/_transport.lua:36	"rpc"	"nixd"	"stderr"	"I[12:34:04.389] 2000: --> call window/workDoneProgress/create(2)\nI[12:34:04.389] 2000: --> notify $/progress\nI[12:34:04.389] 2000: --> call attrset/evalExpr(1)\nI[12:34:04.389] 2000: --> call workspace/configuration(3)\n"
[ERROR][2025-07-22 12:34:04] ...p/_transport.lua:36	"rpc"	"nixd"	"stderr"	"I[12:34:04.390] "
[ERROR][2025-07-22 12:34:04] ...p/_transport.lua:36	"rpc"	"nixd"	"stderr"	"2000: <-- initialized\n"
[ERROR][2025-07-22 12:34:04] ...p/_transport.lua:36	"rpc"	"nixd"	"stderr"	"I[12:34:04.390] 2000: <-- textDocument/didOpen\n"
[ERROR][2025-07-22 12:34:04] ...p/_transport.lua:36	"rpc"	"nixd"	"stderr"	"I[12:34:04.390] 2000: --> notify textDocument/publishDiagnostics"
[ERROR][2025-07-22 12:34:04] ...p/_transport.lua:36	"rpc"	"nixd"	"stderr"	"\n"
[ERROR][2025-07-22 12:34:04] ...p/_transport.lua:36	"rpc"	"nixd"	"stderr"	"I[12:34:04.391] 2000: <-- reply(1)\nI[12:34:04.391] 2000: <-- reply(2)\nI[12:34:04.391] 2000: <-- reply(3)\nE[12:34:04.391] 2000: workspace/configuration: parse error expected object\n"
[ERROR][2025-07-22 12:34:04] ...p/_transport.lua:36	"rpc"	"nixd"	"stderr"	"I[12:34:04.957] 2000: <-- reply(1)\n"
[ERROR][2025-07-22 12:34:04] ...p/_transport.lua:36	"rpc"	"nixd"	"stderr"	"I[12:34:04.957] 2000: --> notify $/progress\n"
[ERROR][2025-07-22 12:34:05] ...p/_transport.lua:36	"rpc"	"nixd"	"stderr"	"I[12:34:05.956] 2000: <-- reply(1)\n"
[ERROR][2025-07-22 12:34:05] ...p/_transport.lua:36	"rpc"	"nixd"	"stderr"	"I[12:34:05.956] 2000: --> notify $/progress\n"
[ERROR][2025-07-22 12:34:10] ...p/_transport.lua:36	"rpc"	"nixd"	"stderr"	"I[12:34:10.101] 2000: "
[ERROR][2025-07-22 12:34:10] ...p/_transport.lua:36	"rpc"	"nixd"	"stderr"	"<-- textDocument/didChange\n"
[ERROR][2025-07-22 12:34:10] ...p/_transport.lua:36	"rpc"	"nixd"	"stderr"	"I[12:34:10.101] 2000: --> notify textDocument/publishDiagnostics"
[ERROR][2025-07-22 12:34:10] ...p/_transport.lua:36	"rpc"	"nixd"	"stderr"	"\n"
[ERROR][2025-07-22 12:34:10] ...p/_transport.lua:36	"rpc"	"nixd"	"stderr"	"I[12:34:10.823] 2000: <-- textDocument/didChange\n"
[ERROR][2025-07-22 12:34:10] ...p/_transport.lua:36	"rpc"	"nixd"	"stderr"	"I[12:34:10.824] 2000: --> notify textDocument/publishDiagnostics\nI[12:34:10.827] 2000: <-- textDocument/completion(2)\n"
[ERROR][2025-07-22 12:34:10] ...p/_transport.lua:36	"rpc"	"nixd"	"stderr"	"I[12:34:10.828] 2000: --> call attrset/optionComplete(2)\n"
[ERROR][2025-07-22 12:34:10] ...p/_transport.lua:36	"rpc"	"nixd"	"stderr"	"I[12:34:10.829] 2000: <-- reply(2)\nI[12:34:10.829] 2000: --> reply:textDocument/completion(2)\n"
[ERROR][2025-07-22 12:34:10] ...p/_transport.lua:36	"rpc"	"nixd"	"stderr"	"I[12:34:10.996] 2000: <-- textDocument/didChange\n"
[ERROR][2025-07-22 12:34:10] ...p/_transport.lua:36	"rpc"	"nixd"	"stderr"	"I[12:34:10.997] 2000: --> notify textDocument/publishDiagnostics\n"
[ERROR][2025-07-22 12:34:11] ...p/_transport.lua:36	"rpc"	"nixd"	"stderr"	"I[12:34:11.145] 2000: <-- textDocument/didChange\n"
[ERROR][2025-07-22 12:34:11] ...p/_transport.lua:36	"rpc"	"nixd"	"stderr"	"I[12:34:11.146] 2000: --> notify textDocument/publishDiagnostics"
[ERROR][2025-07-22 12:34:11] ...p/_transport.lua:36	"rpc"	"nixd"	"stderr"	"\n"
[ERROR][2025-07-22 12:34:11] ...p/_transport.lua:36	"rpc"	"nixd"	"stderr"	"I[12:34:11.777] 2000: <-- completionItem/resolve(3)\n"
[ERROR][2025-07-22 12:34:11] ...p/_transport.lua:36	"rpc"	"nixd"	"stderr"	"I[12:34:11.777] 2000: --> reply:completionItem/resolve(3)\n"
[ERROR][2025-07-22 12:34:11] ...p/_transport.lua:36	"rpc"	"nixd"	"stderr"	"I[12:34:11.780] 2000: <-- textDocument/didChange\nI[12:34:11.781] 2000: --> notify textDocument/publishDiagnostics\n"
[ERROR][2025-07-22 12:34:11] ...p/_transport.lua:36	"rpc"	"nixd"	"stderr"	"I[12:34:11.927] 2000: <-- textDocument/didChange\n"
[ERROR][2025-07-22 12:34:11] ...p/_transport.lua:36	"rpc"	"nixd"	"stderr"	"I[12:34:11.928] 2000: --> notify textDocument/publishDiagnostics\n"
[ERROR][2025-07-22 12:34:13] ...p/_transport.lua:36	"rpc"	"nixd"	"stderr"	"I[12:34:13.303] 2000: <-- textDocument/didSave\nI[12:34:13.304] 2000: unhandled notification textDocument/didSave\nI[12:34:13.306] 2000: <-- shutdown(4)\nI[12:34:13.306] 2000: --> reply:shutdown(4)\n"
[START][2025-07-22 12:37:54] LSP logging initiated
[ERROR][2025-07-22 12:37:54] ...p/_transport.lua:36	"rpc"	"nixd"	"stderr"	"I["
[ERROR][2025-07-22 12:37:54] ...p/_transport.lua:36	"rpc"	"nixd"	"stderr"	"12:37:54.547] 4677: <-- initialize(1)\n"
[ERROR][2025-07-22 12:37:54] ...p/_transport.lua:36	"rpc"	"nixd"	"stderr"	"I[12:37:54.547] 4677: "
[ERROR][2025-07-22 12:37:54] ...p/_transport.lua:36	"rpc"	"nixd"	"stderr"	"--> reply:initialize(1)\n"
[ERROR][2025-07-22 12:37:54] ...p/_transport.lua:36	"rpc"	"nixd"	"stderr"	"I[12:37:54.548] 4677: --> call window/workDoneProgress/create(1)\nI[12:37:54.548] 4677: --> notify $/progress\nI[12:37:54.548] 4677: --> call attrset/evalExpr(1)\n"
[ERROR][2025-07-22 12:37:54] ...p/_transport.lua:36	"rpc"	"nixd"	"stderr"	"I[12:37:54.550] 4677: --> call window/workDoneProgress/create(2)\nI[12:37:54.550] 4677: --> notify $/progress\nI[12:37:54.550] 4677: --> call attrset/evalExpr(1)\n"
[ERROR][2025-07-22 12:37:54] ...p/_transport.lua:36	"rpc"	"nixd"	"stderr"	"I[12:37:54.550] 4677: --> call workspace/configuration(3)\nI[12:37:54.551] 4677: <-- initialized\nI[12:37:54.551] 4677: <-- textDocument/didOpen\nI[12:37:54.552] 4677: --> notify textDocument/publishDiagnostics\n"
[ERROR][2025-07-22 12:37:54] ...p/_transport.lua:36	"rpc"	"nixd"	"stderr"	"I[12:37:54.552] 4677: <-- reply(1)\n"
[ERROR][2025-07-22 12:37:54] ...p/_transport.lua:36	"rpc"	"nixd"	"stderr"	"I[12:37:54.553] 4677: <-- reply(2)\n"
[ERROR][2025-07-22 12:37:54] ...p/_transport.lua:36	"rpc"	"nixd"	"stderr"	"I[12:37:54.553] 4677: <-- reply(3)\n"
[ERROR][2025-07-22 12:37:54] ...p/_transport.lua:36	"rpc"	"nixd"	"stderr"	"E[12:37:54.553] 4677: workspace/configuration: parse error expected object\n"
[ERROR][2025-07-22 12:37:55] ...p/_transport.lua:36	"rpc"	"nixd"	"stderr"	"I[12:37:55.216] 4677: <-- reply("
[ERROR][2025-07-22 12:37:55] ...p/_transport.lua:36	"rpc"	"nixd"	"stderr"	"1)\nI[12:37:55.216] 4677: --> notify $/progress\n"
[ERROR][2025-07-22 12:37:56] ...p/_transport.lua:36	"rpc"	"nixd"	"stderr"	"I[12:37:56.346] 4677: <-- reply(1)\nI[12:37:56.346] 4677: --> notify $/progress\n"
[ERROR][2025-07-22 12:39:25] ...p/_transport.lua:36	"rpc"	"nixd"	"stderr"	"I[12:39:25.811] 4677: <-- textDocument/didChange\n"
[ERROR][2025-07-22 12:39:25] ...p/_transport.lua:36	"rpc"	"nixd"	"stderr"	"I[12:39:25.812] 4677: --> notify textDocument/publishDiagnostics\n"
[ERROR][2025-07-22 12:39:26] ...p/_transport.lua:36	"rpc"	"nixd"	"stderr"	"I[12:39:26.783] 4677: <-- textDocument/didChange\nI[12:39:26.783] 4677: --> notify textDocument/publishDiagnostics\n"
[ERROR][2025-07-22 12:39:27] ...p/_transport.lua:36	"rpc"	"nixd"	"stderr"	"I[12:39:27.443] 4677: <-- textDocument/didChange\nI[12:39:27.443] 4677: --> notify textDocument/publishDiagnostics\n"
[ERROR][2025-07-22 12:39:28] ...p/_transport.lua:36	"rpc"	"nixd"	"stderr"	"I[12:39:28.310] 4677: <-- textDocument/didChange\n"
[ERROR][2025-07-22 12:39:28] ...p/_transport.lua:36	"rpc"	"nixd"	"stderr"	"I[12:39:28.310] 4677: --> notify textDocument/publishDiagnostics\n"
[ERROR][2025-07-22 12:39:28] ...p/_transport.lua:36	"rpc"	"nixd"	"stderr"	"I[12:39:28.457] 4677: <-- textDocument/didChange\n"
[ERROR][2025-07-22 12:39:28] ...p/_transport.lua:36	"rpc"	"nixd"	"stderr"	"I[12:39:28.458] 4677: --> notify textDocument/publishDiagnostics\n"
[ERROR][2025-07-22 12:39:35] ...p/_transport.lua:36	"rpc"	"nixd"	"stderr"	"I[12:39:35.126] 4677: <-- textDocument/didChange\nI[12:39:35.126] 4677: --> notify textDocument/publishDiagnostics\n"
[ERROR][2025-07-22 12:39:36] ...p/_transport.lua:36	"rpc"	"nixd"	"stderr"	"I[12:39:36.172] 4677: <-- textDocument/didChange\nI[12:39:36.172] 4677: --> notify textDocument/publishDiagnostics\n"
[ERROR][2025-07-22 12:40:09] ...p/_transport.lua:36	"rpc"	"nixd"	"stderr"	"I[12:40:09.266] 4677: <-- textDocument/didSave\nI[12:40:09.266] 4677: unhandled notification textDocument/didSave\nI[12:40:09.270] 4677: <-- shutdown(2)\nI[12:40:09.271] 4677: --> reply:shutdown(2)\n"
[START][2025-07-22 13:06:47] LSP logging initiated
[ERROR][2025-07-22 13:06:47] ...p/_transport.lua:36	"rpc"	"nixd"	"stderr"	"I["
[ERROR][2025-07-22 13:06:47] ...p/_transport.lua:36	"rpc"	"nixd"	"stderr"	"13:06:47.405] 5845: <-- initialize(1)\nI[13:06:47.406] 5845: --> reply:initialize(1)\n"
[ERROR][2025-07-22 13:06:47] ...p/_transport.lua:36	"rpc"	"nixd"	"stderr"	"I[13:06:47.408] 5845: --> call window/workDoneProgress/create(1)\nI[13:06:47.408] 5845: --> notify $/progress\nI[13:06:47.408] 5845: --> call attrset/evalExpr(1)\nI[13:06:47.409] 5845: --> call window/workDoneProgress/create(2)\nI[13:06:47.409] 5845: --> notify $/progress\nI[13:06:47.409] 5845: --> call attrset/evalExpr(1)\nI[13:06:47.409] 5845: --> call workspace/configuration(3)\nI[13:06:47.410] 5845: <-- initialized\nI[13:06:47.410] 5845: <-- textDocument/didOpen\nI[13:06:47.416] 5845: --> notify textDocument/publishDiagnostics\n"
[ERROR][2025-07-22 13:06:47] ...p/_transport.lua:36	"rpc"	"nixd"	"stderr"	"I[13:06:47.423] 5845: <-- reply(1)\nI[13:06:47.423] 5845: <-- reply(2)\nI[13:06:47.423] 5845: <-- reply("
[ERROR][2025-07-22 13:06:47] ...p/_transport.lua:36	"rpc"	"nixd"	"stderr"	"3)\n"
[ERROR][2025-07-22 13:06:47] ...p/_transport.lua:36	"rpc"	"nixd"	"stderr"	"E[13:06:47.424] 5845: workspace/configuration: parse error expected object\n"
[ERROR][2025-07-22 13:06:49] ...p/_transport.lua:36	"rpc"	"nixd"	"stderr"	"I[13:06:49.046] 5845: <-- reply(1)\nI[13:06:49.046] 5845: --> notify $/progress\n"
[ERROR][2025-07-22 13:06:51] ...p/_transport.lua:36	"rpc"	"nixd"	"stderr"	"I[13:06:51.168] 5845: <-- reply(1)\nI[13:06:51.168] 5845: --> notify "
[ERROR][2025-07-22 13:06:51] ...p/_transport.lua:36	"rpc"	"nixd"	"stderr"	"$/progress\n"
[ERROR][2025-07-22 13:07:03] ...p/_transport.lua:36	"rpc"	"nixd"	"stderr"	"I[13:07:03.266] 5845: <-- textDocument/didOpen\nI[13:07:03.266] 5845: --> notify textDocument/publishDiagnostics\n"
[ERROR][2025-07-22 13:07:18] ...p/_transport.lua:36	"rpc"	"nixd"	"stderr"	"I[13:07:18.918"
[ERROR][2025-07-22 13:07:18] ...p/_transport.lua:36	"rpc"	"nixd"	"stderr"	"] 5845: <-- textDocument/didChange\n"
[ERROR][2025-07-22 13:07:18] ...p/_transport.lua:36	"rpc"	"nixd"	"stderr"	"I["
[ERROR][2025-07-22 13:07:18] ...p/_transport.lua:36	"rpc"	"nixd"	"stderr"	"13:07:18.918] 5845: --> notify textDocument/publishDiagnostics\n"
[ERROR][2025-07-22 13:07:20] ...p/_transport.lua:36	"rpc"	"nixd"	"stderr"	"I[13:07:20.075] 5845: <-- textDocument/didChange\n"
[ERROR][2025-07-22 13:07:20] ...p/_transport.lua:36	"rpc"	"nixd"	"stderr"	"I[13:07:20.075] 5845: --> notify textDocument/publishDiagnostics\n"
[ERROR][2025-07-22 13:07:20] ...p/_transport.lua:36	"rpc"	"nixd"	"stderr"	"I["
[ERROR][2025-07-22 13:07:20] ...p/_transport.lua:36	"rpc"	"nixd"	"stderr"	"13:07:20.527] 5845: <-- textDocument/didChange\nI[13:07:20.527] 5845: --> notify textDocument/publishDiagnostics\nI[13:07:20.529] 5845: <-- textDocument/completion(2)\n"
[ERROR][2025-07-22 13:07:20] ...p/_transport.lua:36	"rpc"	"nixd"	"stderr"	"I[13:07:20.529] 5845: "
[ERROR][2025-07-22 13:07:20] ...p/_transport.lua:36	"rpc"	"nixd"	"stderr"	"--> reply:textDocument/completion(2)\n"
[ERROR][2025-07-22 13:07:20] ...p/_transport.lua:36	"rpc"	"nixd"	"stderr"	"I[13:07:20.676] 5845: <-- textDocument/didChange\n"
[ERROR][2025-07-22 13:07:20] ...p/_transport.lua:36	"rpc"	"nixd"	"stderr"	"I[13:07:20.677] 5845: --> notify textDocument/publishDiagnostics\n"
[ERROR][2025-07-22 13:07:20] ...p/_transport.lua:36	"rpc"	"nixd"	"stderr"	"I[13:07:20.833"
[ERROR][2025-07-22 13:07:20] ...p/_transport.lua:36	"rpc"	"nixd"	"stderr"	"] 5845: <-- textDocument/didChange\nI[13:07:20.833] 5845: --> notify textDocument/publishDiagnostics\n"
[ERROR][2025-07-22 13:07:21] ...p/_transport.lua:36	"rpc"	"nixd"	"stderr"	"I["
[ERROR][2025-07-22 13:07:21] ...p/_transport.lua:36	"rpc"	"nixd"	"stderr"	"13:07:21.808] 5845: <-- textDocument/didChange\nI[13:07:21.808] 5845: --> notify textDocument/publishDiagnostics\n"
[ERROR][2025-07-22 13:07:21] ...p/_transport.lua:36	"rpc"	"nixd"	"stderr"	"I[13:07:21.958] 5845: <-- textDocument/didChange\n"
[ERROR][2025-07-22 13:07:21] ...p/_transport.lua:36	"rpc"	"nixd"	"stderr"	"I[13:07:21.958] 5845: --> notify textDocument/publishDiagnostics\n"
[ERROR][2025-07-22 13:07:22] ...p/_transport.lua:36	"rpc"	"nixd"	"stderr"	"I[13:07:22.033] 5845: <-- textDocument/didChange\n"
[ERROR][2025-07-22 13:07:22] ...p/_transport.lua:36	"rpc"	"nixd"	"stderr"	"I[13:07:22.034] 5845: --> notify textDocument/publishDiagnostics\n"
[ERROR][2025-07-22 13:07:22] ...p/_transport.lua:36	"rpc"	"nixd"	"stderr"	"I["
[ERROR][2025-07-22 13:07:22] ...p/_transport.lua:36	"rpc"	"nixd"	"stderr"	"13:07:22.034] 5845: <-- textDocument/completion(3)\n"
[ERROR][2025-07-22 13:07:22] ...p/_transport.lua:36	"rpc"	"nixd"	"stderr"	"I["
[ERROR][2025-07-22 13:07:22] ...p/_transport.lua:36	"rpc"	"nixd"	"stderr"	"13:07:22.035] 5845: --> reply:textDocument/completion(3)\n"
[ERROR][2025-07-22 13:07:22] ...p/_transport.lua:36	"rpc"	"nixd"	"stderr"	"I[13:07:22.290] 5845: <-- textDocument/didChange\n"
[ERROR][2025-07-22 13:07:22] ...p/_transport.lua:36	"rpc"	"nixd"	"stderr"	"I[13:07:22.291] 5845: --> notify textDocument/publishDiagnostics\n"
[ERROR][2025-07-22 13:07:22] ...p/_transport.lua:36	"rpc"	"nixd"	"stderr"	"I[13:07:22.440] 5845: <-- "
[ERROR][2025-07-22 13:07:22] ...p/_transport.lua:36	"rpc"	"nixd"	"stderr"	"textDocument/didChange\n"
[ERROR][2025-07-22 13:07:22] ...p/_transport.lua:36	"rpc"	"nixd"	"stderr"	"I[13:07:22.440] 5845: "
[ERROR][2025-07-22 13:07:22] ...p/_transport.lua:36	"rpc"	"nixd"	"stderr"	"--> notify textDocument/publishDiagnostics\n"
[ERROR][2025-07-22 13:07:22] ...p/_transport.lua:36	"rpc"	"nixd"	"stderr"	"I[13:07:22.588] 5845: <-- "
[ERROR][2025-07-22 13:07:22] ...p/_transport.lua:36	"rpc"	"nixd"	"stderr"	"textDocument/didChange\n"
[ERROR][2025-07-22 13:07:22] ...p/_transport.lua:36	"rpc"	"nixd"	"stderr"	"I[13:07:22.588] 5845"
[ERROR][2025-07-22 13:07:22] ...p/_transport.lua:36	"rpc"	"nixd"	"stderr"	": --> notify textDocument/publishDiagnostics\n"
[ERROR][2025-07-22 13:07:22] ...p/_transport.lua:36	"rpc"	"nixd"	"stderr"	"I[13:07:22.953] 5845: <-- textDocument/didChange\n"
[ERROR][2025-07-22 13:07:22] ...p/_transport.lua:36	"rpc"	"nixd"	"stderr"	"I[13:07:22.954] 5845: --> notify textDocument/publishDiagnostics\n"
[ERROR][2025-07-22 13:07:23] ...p/_transport.lua:36	"rpc"	"nixd"	"stderr"	"I[13:07:23.120] 5845: <-- textDocument/didChange\n"
[ERROR][2025-07-22 13:07:23] ...p/_transport.lua:36	"rpc"	"nixd"	"stderr"	"I[13:07:23.121] 5845: --> notify textDocument/publishDiagnostics\n"
[ERROR][2025-07-22 13:07:24] ...p/_transport.lua:36	"rpc"	"nixd"	"stderr"	"I[13:07:24.135] "
[ERROR][2025-07-22 13:07:24] ...p/_transport.lua:36	"rpc"	"nixd"	"stderr"	"5845: <-- textDocument/didChange\nI[13:07:24.136] 5845: --> notify textDocument/publishDiagnostics\n"
[ERROR][2025-07-22 13:07:25] ...p/_transport.lua:36	"rpc"	"nixd"	"stderr"	"I[13:07:25.374] 5845: <-- textDocument/didChange\nI[13:07:25.374] 5845: --> notify textDocument/publishDiagnostics\n"
[ERROR][2025-07-22 13:07:25] ...p/_transport.lua:36	"rpc"	"nixd"	"stderr"	"I[13:07:25.988] 5845: <-- textDocument/didChange\nI[13:07:25.988] 5845: --> notify textDocument/publishDiagnostics\n"
[ERROR][2025-07-22 13:07:26] ...p/_transport.lua:36	"rpc"	"nixd"	"stderr"	"I[13:07:26.237] 5845: <-- textDocument/didChange\n"
[ERROR][2025-07-22 13:07:26] ...p/_transport.lua:36	"rpc"	"nixd"	"stderr"	"I["
[ERROR][2025-07-22 13:07:26] ...p/_transport.lua:36	"rpc"	"nixd"	"stderr"	"13:07:26.237] 5845: --> notify textDocument/publishDiagnostics\n"
[ERROR][2025-07-22 13:07:26] ...p/_transport.lua:36	"rpc"	"nixd"	"stderr"	"I[13:07:26.386] 5845: <-- textDocument/didChange\n"
[ERROR][2025-07-22 13:07:26] ...p/_transport.lua:36	"rpc"	"nixd"	"stderr"	"I[13:07:26.386] 5845: --> notify textDocument/publishDiagnostics\n"
[ERROR][2025-07-22 13:07:26] ...p/_transport.lua:36	"rpc"	"nixd"	"stderr"	"I[13:07:26.907] 5845: <-- textDocument/didChange\n"
[ERROR][2025-07-22 13:07:26] ...p/_transport.lua:36	"rpc"	"nixd"	"stderr"	"I[13:07:26.907] 5845: --> notify textDocument/publishDiagnostics\n"
[ERROR][2025-07-22 13:07:27] ...p/_transport.lua:36	"rpc"	"nixd"	"stderr"	"I[13:07:27.477] 5845: <-- textDocument/didChange\n"
[ERROR][2025-07-22 13:07:27] ...p/_transport.lua:36	"rpc"	"nixd"	"stderr"	"I[13:07:27.477] 5845: --> notify textDocument/publishDiagnostics\n"
[ERROR][2025-07-22 13:07:28] ...p/_transport.lua:36	"rpc"	"nixd"	"stderr"	"I[13:07:28.109] 5845: <-- textDocument/didChange\n"
[ERROR][2025-07-22 13:07:28] ...p/_transport.lua:36	"rpc"	"nixd"	"stderr"	"I[13:07:28.110] 5845: --> notify textDocument/publishDiagnostics\nI[13:07:28.112] 5845: <-- textDocument/completion(4)\n"
[ERROR][2025-07-22 13:07:28] ...p/_transport.lua:36	"rpc"	"nixd"	"stderr"	"I[13:07:28.113] 5845: --> reply:textDocument/completion(4)\n"
[ERROR][2025-07-22 13:07:28] ...p/_transport.lua:36	"rpc"	"nixd"	"stderr"	"I[13:07:28.258] 5845: <-- textDocument/didChange\n"
[ERROR][2025-07-22 13:07:28] ...p/_transport.lua:36	"rpc"	"nixd"	"stderr"	"I[13:07:28.259] 5845: --> notify textDocument/publishDiagnostics\n"
[ERROR][2025-07-22 13:07:28] ...p/_transport.lua:36	"rpc"	"nixd"	"stderr"	"I[13:07:28.550] 5845: <-- textDocument/didChange\n"
[ERROR][2025-07-22 13:07:28] ...p/_transport.lua:36	"rpc"	"nixd"	"stderr"	"I[13:07:28.551] 5845: --> notify textDocument/publishDiagnostics\n"
[ERROR][2025-07-22 13:07:28] ...p/_transport.lua:36	"rpc"	"nixd"	"stderr"	"I[13:07:28.700] 5845: <-- textDocument/didChange"
[ERROR][2025-07-22 13:07:28] ...p/_transport.lua:36	"rpc"	"nixd"	"stderr"	"\n"
[ERROR][2025-07-22 13:07:28] ...p/_transport.lua:36	"rpc"	"nixd"	"stderr"	"I[13:07:28.701] 5845: --> notify textDocument/publishDiagnostics"
[ERROR][2025-07-22 13:07:28] ...p/_transport.lua:36	"rpc"	"nixd"	"stderr"	"\n"
[ERROR][2025-07-22 13:07:28] ...p/_transport.lua:36	"rpc"	"nixd"	"stderr"	"I[13:07:28.921] 5845: <-- textDocument/didChange\n"
[ERROR][2025-07-22 13:07:28] ...p/_transport.lua:36	"rpc"	"nixd"	"stderr"	"I[13:07:28.922] 5845: --> notify textDocument/publishDiagnostics\n"
[ERROR][2025-07-22 13:08:18] ...p/_transport.lua:36	"rpc"	"nixd"	"stderr"	"I[13:08:18.958] 5845: <-- textDocument/didChange\nI[13:08:18.958] 5845: --> notify textDocument/publishDiagnostics\n"
[ERROR][2025-07-22 13:08:24] ...p/_transport.lua:36	"rpc"	"nixd"	"stderr"	"I[13:08:24.440] 5845: <-- textDocument/didChange\nI[13:08:24.441] 5845: --> notify textDocument/publishDiagnostics\n"
[ERROR][2025-07-22 13:08:25] ...p/_transport.lua:36	"rpc"	"nixd"	"stderr"	"I[13:08:25.356] 5845: <-- textDocument/didChange\nI[13:08:25.356] 5845: --> notify textDocument/publishDiagnostics\n"
[ERROR][2025-07-22 13:08:28] ...p/_transport.lua:36	"rpc"	"nixd"	"stderr"	"I[13:08:28.202] 5845: <-- textDocument/didChange\nI[13:08:28.202] 5845: --> notify textDocument/publishDiagnostics\n"
[ERROR][2025-07-22 13:08:35] ...p/_transport.lua:36	"rpc"	"nixd"	"stderr"	"I[13:08:35.964] 5845: <-- textDocument/didSave\nI[13:08:35.964] 5845: unhandled notification textDocument/didSave\n"
[ERROR][2025-07-22 13:10:49] ...p/_transport.lua:36	"rpc"	"nixd"	"stderr"	"I[13:10:49.605] 5845: <-- shutdown(5)\nI[13:10:49.605] 5845: --> reply:shutdown(5)\n"
[START][2025-07-22 13:11:38] LSP logging initiated
[ERROR][2025-07-22 13:11:38] ...p/_transport.lua:36	"rpc"	"nixd"	"stderr"	"I["
[ERROR][2025-07-22 13:11:38] ...p/_transport.lua:36	"rpc"	"nixd"	"stderr"	"13:11:38.043] 7256: <-- initialize(1)\nI[13:11:38.044] 7256: --> reply:initialize(1)\n"
[ERROR][2025-07-22 13:11:38] ...p/_transport.lua:36	"rpc"	"nixd"	"stderr"	"I[13:11:38.045] 7256: --> call window/workDoneProgress/create(1)\nI[13:11:38.045] 7256: --> notify $/progress\nI[13:11:38.045] 7256: --> call attrset/evalExpr(1)\nI[13:11:38.047] 7256: --> call window/workDoneProgress/create(2)\nI[13:11:38.047] 7256: --> notify $/progress\nI[13:11:38.047] 7256: --> call attrset/evalExpr(1)\nI[13:11:38.047] 7256: --> call workspace/configuration(3)\nI[13:11:38.049] 7256: <-- initialized\nI[13:11:38.049] 7256: <-- textDocument/didOpen\n"
[ERROR][2025-07-22 13:11:38] ...p/_transport.lua:36	"rpc"	"nixd"	"stderr"	"I[13:11:38.050] 7256: --> notify textDocument/publishDiagnostics\n"
[ERROR][2025-07-22 13:11:38] ...p/_transport.lua:36	"rpc"	"nixd"	"stderr"	"I[13:11:38.051] 7256: <-- reply(1)\n"
[ERROR][2025-07-22 13:11:38] ...p/_transport.lua:36	"rpc"	"nixd"	"stderr"	"I[13:11:38.052] 7256: <-- reply(2)\n"
[ERROR][2025-07-22 13:11:38] ...p/_transport.lua:36	"rpc"	"nixd"	"stderr"	"I[13:11:38.052] 7256: <-- reply(3)\nE[13:11:38.052] 7256: workspace/configuration: parse error expected object\n"
[ERROR][2025-07-22 13:11:38] ...p/_transport.lua:36	"rpc"	"nixd"	"stderr"	"I[13:11:38.676] 7256: "
[ERROR][2025-07-22 13:11:38] ...p/_transport.lua:36	"rpc"	"nixd"	"stderr"	"<-- reply(1)\nI[13:11:38.676] 7256: --> notify $/progress\n"
[ERROR][2025-07-22 13:11:39] ...p/_transport.lua:36	"rpc"	"nixd"	"stderr"	"I[13:11:39.749] 7256: <-- reply(1)\nI[13:11:39.749] 7256: --> notify "
[ERROR][2025-07-22 13:11:39] ...p/_transport.lua:36	"rpc"	"nixd"	"stderr"	"$/progress\n"
[ERROR][2025-07-22 13:11:41] ...p/_transport.lua:36	"rpc"	"nixd"	"stderr"	"I[13:11:41.173] 7256: <-- shutdown(2)\nI[13:11:41.173] 7256: --> reply:shutdown(2)\n"
